#
# There is insufficient memory for the Java Runtime Environment to continue.
# Native memory allocation (malloc) failed to allocate 315296 bytes for Chunk::new
# Possible reasons:
#   The system is out of physical RAM or swap space
#   In 32 bit mode, the process size limit was hit
# Possible solutions:
#   Reduce memory load on the system
#   Increase physical memory or swap space
#   Check if swap backing store is full
#   Use 64 bit Java on a 64 bit OS
#   Decrease Java heap size (-Xmx/-Xms)
#   Decrease number of Java threads
#   Decrease Java thread stack sizes (-Xss)
#   Set larger code cache with -XX:ReservedCodeCacheSize=
# This output file may be truncated or incomplete.
#
#  Out of Memory Error (allocation.cpp:390), pid=4076, tid=5484
#
# JRE version: Java(TM) SE Runtime Environment (8.0_45-b14) (build 1.8.0_45-b14)
# Java VM: Java HotSpot(TM) 64-Bit Server VM (25.45-b02 mixed mode windows-amd64 compressed oops)
# Failed to write core dump. Minidumps are not enabled by default on client versions of Windows
#

---------------  T H R E A D  ---------------

Current thread (0x00000000177ad800):  JavaThread "C2 CompilerThread1" daemon [_thread_in_native, id=5484, stack(0x0000000017e80000,0x0000000017f80000)]

Stack: [0x0000000017e80000,0x0000000017f80000]
Native frames: (J=compiled Java code, j=interpreted, Vv=VM code, C=native code)
V  [jvm.dll+0x32b57a]


Current CompileTask:
C2:   6600 1550 %     4       com.android.dx.ssa.SsaMethod::forEachBlockDepthFirst @ 129 (194 bytes)


---------------  P R O C E S S  ---------------

Java Threads: ( => current thread )
  0x0000000017a78000 JavaThread "pool-1-thread-4" [_thread_in_Java, id=6592, stack(0x0000000018780000,0x0000000018880000)]
  0x0000000017a73000 JavaThread "pool-1-thread-3" [_thread_blocked, id=6000, stack(0x0000000018680000,0x0000000018780000)]
  0x0000000017a6d800 JavaThread "pool-1-thread-2" [_thread_blocked, id=10496, stack(0x0000000018580000,0x0000000018680000)]
  0x0000000017a69800 JavaThread "pool-2-thread-1" [_thread_blocked, id=11696, stack(0x0000000018480000,0x0000000018580000)]
  0x0000000017a69000 JavaThread "pool-1-thread-1" [_thread_blocked, id=6264, stack(0x0000000018380000,0x0000000018480000)]
  0x000000001780a800 JavaThread "Service Thread" daemon [_thread_blocked, id=10412, stack(0x0000000018180000,0x0000000018280000)]
  0x00000000177b5800 JavaThread "C1 CompilerThread3" daemon [_thread_blocked, id=9132, stack(0x0000000018080000,0x0000000018180000)]
  0x00000000177b0000 JavaThread "C2 CompilerThread2" daemon [_thread_in_native, id=13212, stack(0x0000000017f80000,0x0000000018080000)]
=>0x00000000177ad800 JavaThread "C2 CompilerThread1" daemon [_thread_in_native, id=5484, stack(0x0000000017e80000,0x0000000017f80000)]
  0x00000000177a8000 JavaThread "C2 CompilerThread0" daemon [_thread_blocked, id=13236, stack(0x0000000017d80000,0x0000000017e80000)]
  0x00000000177a6800 JavaThread "Attach Listener" daemon [_thread_blocked, id=12808, stack(0x0000000017c80000,0x0000000017d80000)]
  0x00000000177a6000 JavaThread "Signal Dispatcher" daemon [_thread_blocked, id=12500, stack(0x0000000017b80000,0x0000000017c80000)]
  0x00000000157ad800 JavaThread "Finalizer" daemon [_thread_blocked, id=13240, stack(0x0000000017680000,0x0000000017780000)]
  0x0000000002c85800 JavaThread "Reference Handler" daemon [_thread_blocked, id=11840, stack(0x0000000017580000,0x0000000017680000)]
  0x000000000119d800 JavaThread "main" [_thread_blocked, id=412, stack(0x00000000029a0000,0x0000000002aa0000)]

Other Threads:
  0x00000000157a9000 VMThread [stack: 0x0000000017480000,0x0000000017580000] [id=12520]
  0x000000001780b800 WatcherThread [stack: 0x0000000018280000,0x0000000018380000] [id=3388]

VM state:not at safepoint (normal execution)

VM Mutex/Monitor currently owned by a thread:  ([mutex/lock_event])
[0x000000000119d270] Heap_lock - owner thread: 0x0000000017a73000

Heap:
 PSYoungGen      total 71680K, used 5088K [0x00000000eab00000, 0x00000000ef600000, 0x0000000100000000)
  eden space 66560K, 0% used [0x00000000eab00000,0x00000000eab00018,0x00000000eec00000)
  from space 5120K, 99% used [0x00000000ef100000,0x00000000ef5f8010,0x00000000ef600000)
  to   space 5120K, 0% used [0x00000000eec00000,0x00000000eec00000,0x00000000ef100000)
 ParOldGen       total 87552K, used 5745K [0x00000000c0000000, 0x00000000c5580000, 0x00000000eab00000)
  object space 87552K, 6% used [0x00000000c0000000,0x00000000c059c670,0x00000000c5580000)
 Metaspace       used 5918K, capacity 6960K, committed 7040K, reserved 1056768K
  class space    used 580K, capacity 616K, committed 640K, reserved 1048576K

Card table byte_map: [0x0000000012050000,0x0000000012260000] byte_map_base: 0x0000000011a50000

Marking Bits: (ParMarkBitMap*) 0x00000000584c4040
 Begin Bits: [0x0000000012bc0000, 0x0000000013bc0000)
 End Bits:   [0x0000000013bc0000, 0x0000000014bc0000)

Polling page: 0x0000000001000000

CodeCache: size=245760Kb used=6553Kb max_used=6553Kb free=239206Kb
 bounds [0x0000000002c90000, 0x0000000003300000, 0x0000000011c90000]
 total_blobs=1800 nmethods=1529 adapters=182
 compilation: enabled

Compilation events (10 events):
Event: 5.012 Thread 0x00000000177b5800 1546       3       com.android.dx.cf.code.ByteCatchList::byteLength (10 bytes)
Event: 5.012 Thread 0x00000000177b5800 nmethod 1546 0x00000000032cf710 code [0x00000000032cf880, 0x00000000032cfab0]
Event: 5.013 Thread 0x00000000177b5800 1548       3       com.android.dx.cf.direct.DirectClassFile::getThisClass (9 bytes)
Event: 5.013 Thread 0x00000000177a8000 nmethod 1543 0x00000000032ce990 code [0x00000000032ceb00, 0x00000000032cf198]
Event: 5.013 Thread 0x00000000177b5800 nmethod 1548 0x00000000032f4910 code [0x00000000032f4a80, 0x00000000032f4cc8]
Event: 5.014 Thread 0x00000000177b5800 1549       3       java.util.TreeMap::rotateRight (96 bytes)
Event: 5.014 Thread 0x00000000177ad800 1550 %     4       com.android.dx.ssa.SsaMethod::forEachBlockDepthFirst @ 129 (194 bytes)
Event: 5.015 Thread 0x00000000177b5800 nmethod 1549 0x00000000032f4350 code [0x00000000032f44c0, 0x00000000032f4810]
Event: 5.016 Thread 0x00000000177b5800 1551       3       com.android.dx.dex.code.OutputFinisher::hasLocalInfo (20 bytes)
Event: 5.016 Thread 0x00000000177b5800 nmethod 1551 0x00000000032f3e90 code [0x00000000032f4000, 0x00000000032f4290]

GC Heap History (4 events):
Event: 2.373 GC heap before
{Heap before GC invocations=1 (full 0):
 PSYoungGen      total 38400K, used 33280K [0x00000000eab00000, 0x00000000ed580000, 0x0000000100000000)
  eden space 33280K, 100% used [0x00000000eab00000,0x00000000ecb80000,0x00000000ecb80000)
  from space 5120K, 0% used [0x00000000ed080000,0x00000000ed080000,0x00000000ed580000)
  to   space 5120K, 0% used [0x00000000ecb80000,0x00000000ecb80000,0x00000000ed080000)
 ParOldGen       total 87552K, used 0K [0x00000000c0000000, 0x00000000c5580000, 0x00000000eab00000)
  object space 87552K, 0% used [0x00000000c0000000,0x00000000c0000000,0x00000000c5580000)
 Metaspace       used 5786K, capacity 6896K, committed 7040K, reserved 1056768K
  class space    used 580K, capacity 616K, committed 640K, reserved 1048576K
Event: 3.171 GC heap after
Heap after GC invocations=1 (full 0):
 PSYoungGen      total 38400K, used 5101K [0x00000000eab00000, 0x00000000ef600000, 0x0000000100000000)
  eden space 33280K, 0% used [0x00000000eab00000,0x00000000eab00000,0x00000000ecb80000)
  from space 5120K, 99% used [0x00000000ecb80000,0x00000000ed07b728,0x00000000ed080000)
  to   space 5120K, 0% used [0x00000000ef100000,0x00000000ef100000,0x00000000ef600000)
 ParOldGen       total 87552K, used 1970K [0x00000000c0000000, 0x00000000c5580000, 0x00000000eab00000)
  object space 87552K, 2% used [0x00000000c0000000,0x00000000c01ec8a0,0x00000000c5580000)
 Metaspace       used 5786K, capacity 6896K, committed 7040K, reserved 1056768K
  class space    used 580K, capacity 616K, committed 640K, reserved 1048576K
}
Event: 5.203 GC heap before
{Heap before GC invocations=2 (full 0):
 PSYoungGen      total 38400K, used 38381K [0x00000000eab00000, 0x00000000ef600000, 0x0000000100000000)
  eden space 33280K, 100% used [0x00000000eab00000,0x00000000ecb80000,0x00000000ecb80000)
  from space 5120K, 99% used [0x00000000ecb80000,0x00000000ed07b728,0x00000000ed080000)
  to   space 5120K, 0% used [0x00000000ef100000,0x00000000ef100000,0x00000000ef600000)
 ParOldGen       total 87552K, used 1970K [0x00000000c0000000, 0x00000000c5580000, 0x00000000eab00000)
  object space 87552K, 2% used [0x00000000c0000000,0x00000000c01ec8a0,0x00000000c5580000)
 Metaspace       used 5918K, capacity 6960K, committed 7040K, reserved 1056768K
  class space    used 580K, capacity 616K, committed 640K, reserved 1048576K
Event: 6.579 GC heap after
Heap after GC invocations=2 (full 0):
 PSYoungGen      total 71680K, used 5088K [0x00000000eab00000, 0x00000000ef600000, 0x0000000100000000)
  eden space 66560K, 0% used [0x00000000eab00000,0x00000000eab00000,0x00000000eec00000)
  from space 5120K, 99% used [0x00000000ef100000,0x00000000ef5f8010,0x00000000ef600000)
  to   space 5120K, 0% used [0x00000000eec00000,0x00000000eec00000,0x00000000ef100000)
 ParOldGen       total 87552K, used 5745K [0x00000000c0000000, 0x00000000c5580000, 0x00000000eab00000)
  object space 87552K, 6% used [0x00000000c0000000,0x00000000c059c670,0x00000000c5580000)
 Metaspace       used 5918K, capacity 6960K, committed 7040K, reserved 1056768K
  class space    used 580K, capacity 616K, committed 640K, reserved 1048576K
}

Deoptimization events (10 events):
Event: 2.240 Thread 0x0000000017a69000 Uncommon trap: reason=unstable_if action=reinterpret pc=0x000000000300ceb8 method=com.android.dx.rop.code.RegisterSpec.equals(ILcom/android/dx/rop/type/TypeBearer;Lcom/android/dx/rop/code/LocalItem;)Z @ 42
Event: 2.272 Thread 0x0000000017a69000 Uncommon trap: reason=null_check action=make_not_entrant pc=0x0000000002fd28a4 method=com.android.dx.ssa.SsaRenamer.getLocalForNewReg(I)Lcom/android/dx/rop/code/LocalItem; @ 19
Event: 2.317 Thread 0x000000000119d800 Uncommon trap: reason=unstable_if action=reinterpret pc=0x000000000308c2e8 method=com.android.dx.util.IntList.binarysearch(I)I @ 105
Event: 2.323 Thread 0x000000000119d800 Uncommon trap: reason=unstable_if action=reinterpret pc=0x0000000003144c7c method=com.android.dx.ssa.SsaRenamer$BlockRenamer.addMapping(ILcom/android/dx/rop/code/RegisterSpec;)V @ 120
Event: 2.341 Thread 0x0000000017a78000 Uncommon trap: reason=unstable_if action=reinterpret pc=0x0000000002ff9534 method=com.android.dx.ssa.SsaRenamer$BlockRenamer.addMapping(ILcom/android/dx/rop/code/RegisterSpec;)V @ 120
Event: 3.173 Thread 0x0000000017a78000 Uncommon trap: reason=null_check action=make_not_entrant pc=0x0000000002f85c00 method=com.android.dx.ssa.SsaRenamer.getLocalForNewReg(I)Lcom/android/dx/rop/code/LocalItem; @ 19
Event: 3.414 Thread 0x000000000119d800 Uncommon trap: reason=unstable_if action=reinterpret pc=0x0000000003041914 method=com.android.dx.ssa.SsaMethod.onSourcesChanged(Lcom/android/dx/ssa/SsaInsn;Lcom/android/dx/rop/code/RegisterSpecList;)V @ 4
Event: 3.414 Thread 0x000000000119d800 Uncommon trap: reason=predicate action=maybe_recompile pc=0x000000000301c078 method=java.util.ArrayList.remove(Ljava/lang/Object;)Z @ 49
Event: 3.436 Thread 0x0000000017a73000 Uncommon trap: reason=unstable_if action=reinterpret pc=0x00000000030fc8b8 method=com.android.dx.util.IntList.sort()V @ 8
Event: 5.005 Thread 0x000000000119d800 Uncommon trap: reason=unloaded action=reinterpret pc=0x000000000319d7e8 method=com.android.dx.cf.cst.ConstantPoolParser.parse0(ILjava/util/BitSet;)Lcom/android/dx/rop/cst/Constant; @ 198

Internal exceptions (4 events):
Event: 0.041 Thread 0x000000000119d800 Exception <a 'java/lang/NoSuchMethodError': Method sun.misc.Unsafe.defineClass(Ljava/lang/String;[BII)Ljava/lang/Class; name or signature does not match> (0x00000000eab0d7f0) thrown at [C:\re\workspace\8-2-build-windows-amd64-cygwin\jdk8u45\3457\hotspot\srø·Û3;Í¤?
Event: 0.041 Thread 0x000000000119d800 Exception <a 'java/lang/NoSuchMethodError': Method sun.misc.Unsafe.prefetchRead(Ljava/lang/Object;J)V name or signature does not match> (0x00000000eab0da80) thrown at [C:\re\workspace\8-2-build-windows-amd64-cygwin\jdk8u45\3457\hotspot\src\share\vm\prims\jØÚ.2R,@
Event: 2.272 Thread 0x0000000017a69000 Implicit null exception at 0x0000000002fcfa63 to 0x0000000002fd2869
Event: 3.173 Thread 0x0000000017a78000 Implicit null exception at 0x0000000002f83251 to 0x0000000002f85be1

Events (10 events):
Event: 3.436 Thread 0x0000000017a73000 DEOPT UNPACKING pc=0x0000000002cd582a sp=0x000000001877ecd0 mode 2
Event: 3.436 loading class java/util/DualPivotQuicksort
Event: 3.436 loading class java/util/DualPivotQuicksort done
Event: 4.123 Executing VM operation: EnableBiasedLocking
Event: 4.185 Executing VM operation: EnableBiasedLocking done
Event: 5.005 Thread 0x000000000119d800 Uncommon trap: trap_request=0x000000d0 fr.pc=0x000000000319d7e8
Event: 5.005 Thread 0x000000000119d800 DEOPT PACKING pc=0x000000000319d7e8 sp=0x0000000002a9e890
Event: 5.005 Thread 0x000000000119d800 DEOPT UNPACKING pc=0x0000000002cd582a sp=0x0000000002a9e858 mode 2
Event: 5.017 Executing VM operation: ParallelGCFailedAllocation
Event: 6.579 Executing VM operation: ParallelGCFailedAllocation done


Dynamic libraries:
0x00007ff7e2390000 - 0x00007ff7e23c7000 	C:\Program Files\Java\jdk1.8.0_45\bin\java.exe
0x00007ffc099e0000 - 0x00007ffc09b8c000 	C:\WINDOWS\SYSTEM32\ntdll.dll
0x00007ffc096f0000 - 0x00007ffc0982e000 	C:\WINDOWS\system32\KERNEL32.DLL
0x00007ffc06f40000 - 0x00007ffc07055000 	C:\WINDOWS\system32\KERNELBASE.dll
0x00007ffc04c10000 - 0x00007ffc04c9e000 	C:\WINDOWS\system32\apphelp.dll
0x00007ffbf0410000 - 0x00007ffbf0463000 	C:\WINDOWS\AppPatch\AppPatch64\AcGenral.DLL
0x00007ffc08af0000 - 0x00007ffc08b9a000 	C:\WINDOWS\system32\msvcrt.dll
0x00007ffc06900000 - 0x00007ffc0692e000 	C:\WINDOWS\SYSTEM32\SspiCli.dll
0x00007ffc09210000 - 0x00007ffc09264000 	C:\WINDOWS\system32\SHLWAPI.dll
0x00007ffc09270000 - 0x00007ffc093e7000 	C:\WINDOWS\system32\USER32.dll
0x00007ffc093f0000 - 0x00007ffc09584000 	C:\WINDOWS\system32\ole32.dll
0x00007ffc070c0000 - 0x00007ffc085eb000 	C:\WINDOWS\system32\SHELL32.dll
0x00007ffc05c90000 - 0x00007ffc05cb1000 	C:\WINDOWS\SYSTEM32\USERENV.dll
0x00007ffc08a40000 - 0x00007ffc08aea000 	C:\WINDOWS\system32\ADVAPI32.dll
0x00007ffbfdcb0000 - 0x00007ffbfdcce000 	C:\WINDOWS\SYSTEM32\MPR.dll
0x00007ffc095a0000 - 0x00007ffc096e1000 	C:\WINDOWS\system32\RPCRT4.dll
0x00007ffc07060000 - 0x00007ffc070b9000 	C:\WINDOWS\SYSTEM32\sechost.dll
0x00007ffc08ff0000 - 0x00007ffc09201000 	C:\WINDOWS\SYSTEM32\combase.dll
0x00007ffc08cc0000 - 0x00007ffc08e0f000 	C:\WINDOWS\system32\GDI32.dll
0x00007ffc06b30000 - 0x00007ffc06b45000 	C:\WINDOWS\SYSTEM32\profapi.dll
0x00007ffc06140000 - 0x00007ffc061f2000 	C:\WINDOWS\SYSTEM32\SHCORE.dll
0x00007ffc08ba0000 - 0x00007ffc08bd6000 	C:\WINDOWS\system32\IMM32.DLL
0x00007ffc088e0000 - 0x00007ffc08a32000 	C:\WINDOWS\system32\MSCTF.dll
0x00007ffc06570000 - 0x00007ffc067eb000 	C:\WINDOWS\WinSxS\amd64_microsoft.windows.common-controls_6595b64144ccf1df_6.0.9600.18006_none_623f33d3ecbe86e8\COMCTL32.dll
0x00000000557e0000 - 0x00000000558b2000 	C:\Program Files\Java\jdk1.8.0_45\jre\bin\msvcr100.dll
0x0000000057cc0000 - 0x0000000058543000 	C:\Program Files\Java\jdk1.8.0_45\jre\bin\server\jvm.dll
0x00007ffbf89a0000 - 0x00007ffbf89a9000 	C:\WINDOWS\SYSTEM32\WSOCK32.dll
0x00007ffc03860000 - 0x00007ffc03882000 	C:\WINDOWS\SYSTEM32\WINMM.dll
0x00007ffc052c0000 - 0x00007ffc052ca000 	C:\WINDOWS\SYSTEM32\VERSION.dll
0x00007ffc08bf0000 - 0x00007ffc08bf7000 	C:\WINDOWS\system32\PSAPI.DLL
0x00007ffc08650000 - 0x00007ffc086aa000 	C:\WINDOWS\system32\WS2_32.dll
0x00007ffc03220000 - 0x00007ffc0324a000 	C:\WINDOWS\SYSTEM32\WINMMBASE.dll
0x00007ffc08860000 - 0x00007ffc08869000 	C:\WINDOWS\system32\NSI.dll
0x00007ffc06d10000 - 0x00007ffc06d5f000 	C:\WINDOWS\SYSTEM32\cfgmgr32.dll
0x00007ffc04e60000 - 0x00007ffc04e88000 	C:\WINDOWS\SYSTEM32\DEVOBJ.dll
0x00000000587f0000 - 0x00000000587ff000 	C:\Program Files\Java\jdk1.8.0_45\jre\bin\verify.dll
0x00000000587c0000 - 0x00000000587e9000 	C:\Program Files\Java\jdk1.8.0_45\jre\bin\java.dll
0x00000000587a0000 - 0x00000000587b6000 	C:\Program Files\Java\jdk1.8.0_45\jre\bin\zip.dll
0x00007ffc052d0000 - 0x00007ffc05459000 	C:\WINDOWS\SYSTEM32\dbghelp.dll

VM Arguments:
jvm_args: -Xmx1024M -Dfile.encoding=windows-1252 -Duser.country=NL -Duser.language=nl -Duser.variant 
java_command: com.android.dx.command.Main --dex --num-threads=4 --output C:\Users\Mitchell\Bureaublad\NavigationDrawer\app\build\intermediates\pre-dexed\debug\huesdkresources-cc2b83e7e4f9bdbbada906c4a1a00d3ea766da56.jar C:\Users\Mitchell\Bureaublad\NavigationDrawer\app\libs\huesdkresources.jar
java_class_path (initial): D:\AppData\Local\Android\Sdk\build-tools\23.0.1\lib\dx.jar
Launcher Type: SUN_STANDARD

Environment Variables:
PATH=C:\ProgramData\Oracle\Java\javapath;C:\WINDOWS\SYSTEM32;C:\WINDOWS;C:\WINDOWS\SYSTEM32\WBEM;C:\WINDOWS\SYSTEM32\WINDOWSPOWERSHELL\V1.0\;C:\PROGRAM FILES\MICROSOFT SQL SERVER\110\TOOLS\BINN\;C:\PROGRAM FILES (X86)\MICROSOFT ASP.NET\ASP.NET WEB PAGES\V1.0\;C:\PROGRAM FILES (X86)\WINDOWS KITS\8.1\WINDOWS PERFORMANCE TOOLKIT\;C:\Program Files\Lenovo\Bluetooth Software\;C:\Program Files\Lenovo\Bluetooth Software\syswow64;C:\Program Files (x86)\AMD\ATI.ACE\Core-Static;C:\Program Files (x86)\Microsoft SDKs\TypeScript\1.0\;C:\Program Files\Samsung\AllShare Framework DMS\1.3.23\;C:\Program Files\Samsung\AllShare Framework DMS\1.3.23\64bit\;C:\Program Files (x86)\GtkSharp\2.12\bin;C:\Program Files\Microsoft\Web Platform Installer\;C:\Program Files (x86)\Microsoft SQL Server\100\Tools\Binn\;C:\Program Files\Microsoft SQL Server\100\Tools\Binn\;C:\Program Files\Microsoft SQL Server\100\DTS\Binn\;C:\Program Files (x86)\Microsoft SQL Server\110\Tools\Binn\;C:\Program Files\Microsoft SQL Server\110\DTS\Binn\;C:\Program Files (x86)\Microsoft SQL Server\110\Tools\Binn\ManagementStudio\;C:\Program Files (x86)\Microsoft SQL Server\110\DTS\Binn\;<path-to-sdk>/platform-tools;C:\Program Files\nodejs\;C:\Users\Mitchell\AppData\Roaming\npm
USERNAME=Mitchell
OS=Windows_NT
PROCESSOR_IDENTIFIER=Intel64 Family 6 Model 60 Stepping 3, GenuineIntel



---------------  S Y S T E M  ---------------

OS: Windows 8.1 , 64 bit Build 9600 (6.3.9600.17415)

CPU:total 8 (4 cores per cpu, 2 threads per core) family 6 model 60 stepping 3, cmov, cx8, fxsr, mmx, sse, sse2, sse3, ssse3, sse4.1, sse4.2, popcnt, avx, avx2, aes, clmul, erms, lzcnt, ht, tsc, tscinvbit, bmi1, bmi2

Memory: 4k page, physical 8302956k(672092k free), swap 13422956k(8496k free)

vm_info: Java HotSpot(TM) 64-Bit Server VM (25.45-b02) for windows-amd64 JRE (1.8.0_45-b14), built on Apr 10 2015 10:34:15 by "java_re" with MS VC++ 10.0 (VS2010)

time: Mon Nov 23 20:13:53 2015
elapsed time: 6 seconds (0d 0h 0m 6s)

