#
# There is insufficient memory for the Java Runtime Environment to continue.
# Native memory allocation (malloc) failed to allocate 442528 bytes for Chunk::new
# Possible reasons:
#   The system is out of physical RAM or swap space
#   In 32 bit mode, the process size limit was hit
# Possible solutions:
#   Reduce memory load on the system
#   Increase physical memory or swap space
#   Check if swap backing store is full
#   Use 64 bit Java on a 64 bit OS
#   Decrease Java heap size (-Xmx/-Xms)
#   Decrease number of Java threads
#   Decrease Java thread stack sizes (-Xss)
#   Set larger code cache with -XX:ReservedCodeCacheSize=
# This output file may be truncated or incomplete.
#
#  Out of Memory Error (allocation.cpp:390), pid=12772, tid=6652
#
# JRE version: Java(TM) SE Runtime Environment (8.0_45-b14) (build 1.8.0_45-b14)
# Java VM: Java HotSpot(TM) 64-Bit Server VM (25.45-b02 mixed mode windows-amd64 compressed oops)
# Failed to write core dump. Minidumps are not enabled by default on client versions of Windows
#

---------------  T H R E A D  ---------------

Current thread (0x000000001719c800):  JavaThread "C2 CompilerThread1" daemon [_thread_in_native, id=6652, stack(0x0000000017870000,0x0000000017970000)]

Stack: [0x0000000017870000,0x0000000017970000]
Native frames: (J=compiled Java code, j=interpreted, Vv=VM code, C=native code)
V  [jvm.dll+0x32b57a]
V  [jvm.dll+0x279873]
V  [jvm.dll+0x27a509]
V  [jvm.dll+0x271825]
V  [jvm.dll+0xcb9e2]
V  [jvm.dll+0xcbeac]
V  [jvm.dll+0x4929e7]
V  [jvm.dll+0x45f6ff]
V  [jvm.dll+0x46a73b]
V  [jvm.dll+0x46cd52]
V  [jvm.dll+0x4500f2]
V  [jvm.dll+0xa4352]
V  [jvm.dll+0xa4c8f]
V  [jvm.dll+0x241984]
V  [jvm.dll+0x29853a]
C  [msvcr100.dll+0x21d9f]
C  [msvcr100.dll+0x21e3b]
C  [KERNEL32.DLL+0x13d2]
C  [ntdll.dll+0x15454]


Current CompileTask:
C2:   6615 1601       4       com.android.dx.ssa.SCCP::simulateBranch (666 bytes)


---------------  P R O C E S S  ---------------

Java Threads: ( => current thread )
  0x000000001746c800 JavaThread "pool-1-thread-4" [_thread_blocked, id=12908, stack(0x0000000018170000,0x0000000018270000)]
  0x0000000017469800 JavaThread "pool-1-thread-3" [_thread_blocked, id=8528, stack(0x0000000018070000,0x0000000018170000)]
  0x0000000017461800 JavaThread "pool-1-thread-2" [_thread_blocked, id=7556, stack(0x0000000017f70000,0x0000000018070000)]
  0x0000000017458000 JavaThread "pool-2-thread-1" [_thread_blocked, id=8880, stack(0x0000000017e70000,0x0000000017f70000)]
  0x0000000017449800 JavaThread "pool-1-thread-1" [_thread_in_Java, id=4692, stack(0x0000000017d70000,0x0000000017e70000)]
  0x0000000017210800 JavaThread "Service Thread" daemon [_thread_blocked, id=1420, stack(0x0000000017b70000,0x0000000017c70000)]
  0x00000000171f4000 JavaThread "C1 CompilerThread3" daemon [_thread_blocked, id=11604, stack(0x0000000017a70000,0x0000000017b70000)]
  0x00000000171a3800 JavaThread "C2 CompilerThread2" daemon [_thread_blocked, id=12184, stack(0x0000000017970000,0x0000000017a70000)]
=>0x000000001719c800 JavaThread "C2 CompilerThread1" daemon [_thread_in_native, id=6652, stack(0x0000000017870000,0x0000000017970000)]
  0x0000000017196800 JavaThread "C2 CompilerThread0" daemon [_thread_in_native, id=11596, stack(0x0000000017770000,0x0000000017870000)]
  0x0000000017195800 JavaThread "Attach Listener" daemon [_thread_blocked, id=9220, stack(0x0000000017670000,0x0000000017770000)]
  0x0000000017194000 JavaThread "Signal Dispatcher" daemon [_thread_blocked, id=12648, stack(0x0000000017570000,0x0000000017670000)]
  0x0000000002683800 JavaThread "Finalizer" daemon [_thread_blocked, id=12252, stack(0x0000000017070000,0x0000000017170000)]
  0x00000000151ad800 JavaThread "Reference Handler" daemon [_thread_blocked, id=12576, stack(0x0000000016f70000,0x0000000017070000)]
  0x00000000023bd800 JavaThread "main" [_thread_blocked, id=856, stack(0x0000000002490000,0x0000000002590000)]

Other Threads:
  0x00000000151a9000 VMThread [stack: 0x0000000016e70000,0x0000000016f70000] [id=12428]
  0x0000000017211800 WatcherThread [stack: 0x0000000017c70000,0x0000000017d70000] [id=5776]

VM state:not at safepoint (normal execution)

VM Mutex/Monitor currently owned by a thread: None

Heap:
 PSYoungGen      total 71680K, used 20927K [0x00000000eab00000, 0x00000000ef600000, 0x0000000100000000)
  eden space 66560K, 23% used [0x00000000eab00000,0x00000000eba72288,0x00000000eec00000)
  from space 5120K, 99% used [0x00000000ef100000,0x00000000ef5fdb90,0x00000000ef600000)
  to   space 5120K, 0% used [0x00000000eec00000,0x00000000eec00000,0x00000000ef100000)
 ParOldGen       total 87552K, used 5619K [0x00000000c0000000, 0x00000000c5580000, 0x00000000eab00000)
  object space 87552K, 6% used [0x00000000c0000000,0x00000000c057cc00,0x00000000c5580000)
 Metaspace       used 6044K, capacity 7088K, committed 7296K, reserved 1056768K
  class space    used 585K, capacity 616K, committed 640K, reserved 1048576K

Card table byte_map: [0x0000000011a50000,0x0000000011c60000] byte_map_base: 0x0000000011450000

Marking Bits: (ParMarkBitMap*) 0x00000000584c4040
 Begin Bits: [0x00000000125c0000, 0x00000000135c0000)
 End Bits:   [0x00000000135c0000, 0x00000000145c0000)

Polling page: 0x0000000002390000

CodeCache: size=245760Kb used=6987Kb max_used=7004Kb free=238772Kb
 bounds [0x0000000002690000, 0x0000000002d80000, 0x0000000011690000]
 total_blobs=1846 nmethods=1577 adapters=182
 compilation: enabled

Compilation events (10 events):
Event: 6.457 Thread 0x00000000171f4000 nmethod 1613 0x0000000002d56690 code [0x0000000002d57040, 0x0000000002d5d768]
Event: 6.467 Thread 0x00000000171a3800 nmethod 1569 0x0000000002d63b50 code [0x0000000002d65300, 0x0000000002d6d348]
Event: 6.469 Thread 0x00000000171a3800 1612       4       com.android.dx.ssa.BasicRegisterMapper::addMapping (68 bytes)
Event: 6.477 Thread 0x00000000171a3800 nmethod 1612 0x0000000002d33750 code [0x0000000002d338a0, 0x0000000002d33d98]
Event: 6.477 Thread 0x00000000171a3800 1608       4       com.android.dx.dex.code.RopTranslator$TranslationVisitor::visitPlainInsn (161 bytes)
Event: 6.518 Thread 0x00000000171a3800 nmethod 1608 0x0000000002d3f110 code [0x0000000002d3f340, 0x0000000002d40888]
Event: 6.518 Thread 0x00000000171a3800 1609       4       com.android.dx.dex.code.RopTranslator$LocalVariableAwareTranslationVisitor::visitPlainInsn (11 bytes)
Event: 6.527 Thread 0x00000000171a3800 nmethod 1609 0x0000000002d24950 code [0x0000000002d24ae0, 0x0000000002d250b8]
Event: 6.527 Thread 0x00000000171a3800 1607       4       com.android.dx.rop.code.BasicBlockList$RegCountVisitor::visitThrowingCstInsn (6 bytes)
Event: 6.532 Thread 0x00000000171a3800 nmethod 1607 0x0000000002d32d50 code [0x0000000002d32ec0, 0x0000000002d33178]

GC Heap History (4 events):
Event: 3.168 GC heap before
{Heap before GC invocations=1 (full 0):
 PSYoungGen      total 38400K, used 33280K [0x00000000eab00000, 0x00000000ed580000, 0x0000000100000000)
  eden space 33280K, 100% used [0x00000000eab00000,0x00000000ecb80000,0x00000000ecb80000)
  from space 5120K, 0% used [0x00000000ed080000,0x00000000ed080000,0x00000000ed580000)
  to   space 5120K, 0% used [0x00000000ecb80000,0x00000000ecb80000,0x00000000ed080000)
 ParOldGen       total 87552K, used 0K [0x00000000c0000000, 0x00000000c5580000, 0x00000000eab00000)
  object space 87552K, 0% used [0x00000000c0000000,0x00000000c0000000,0x00000000c5580000)
 Metaspace       used 5910K, capacity 6960K, committed 7040K, reserved 1056768K
  class space    used 584K, capacity 616K, committed 640K, reserved 1048576K
Event: 4.188 GC heap after
Heap after GC invocations=1 (full 0):
 PSYoungGen      total 38400K, used 5089K [0x00000000eab00000, 0x00000000ef600000, 0x0000000100000000)
  eden space 33280K, 0% used [0x00000000eab00000,0x00000000eab00000,0x00000000ecb80000)
  from space 5120K, 99% used [0x00000000ecb80000,0x00000000ed078708,0x00000000ed080000)
  to   space 5120K, 0% used [0x00000000ef100000,0x00000000ef100000,0x00000000ef600000)
 ParOldGen       total 87552K, used 1852K [0x00000000c0000000, 0x00000000c5580000, 0x00000000eab00000)
  object space 87552K, 2% used [0x00000000c0000000,0x00000000c01cf118,0x00000000c5580000)
 Metaspace       used 5910K, capacity 6960K, committed 7040K, reserved 1056768K
  class space    used 584K, capacity 616K, committed 640K, reserved 1048576K
}
Event: 5.322 GC heap before
{Heap before GC invocations=2 (full 0):
 PSYoungGen      total 38400K, used 38369K [0x00000000eab00000, 0x00000000ef600000, 0x0000000100000000)
  eden space 33280K, 100% used [0x00000000eab00000,0x00000000ecb80000,0x00000000ecb80000)
  from space 5120K, 99% used [0x00000000ecb80000,0x00000000ed078708,0x00000000ed080000)
  to   space 5120K, 0% used [0x00000000ef100000,0x00000000ef100000,0x00000000ef600000)
 ParOldGen       total 87552K, used 1852K [0x00000000c0000000, 0x00000000c5580000, 0x00000000eab00000)
  object space 87552K, 2% used [0x00000000c0000000,0x00000000c01cf118,0x00000000c5580000)
 Metaspace       used 5964K, capacity 7024K, committed 7296K, reserved 1056768K
  class space    used 585K, capacity 616K, committed 640K, reserved 1048576K
Event: 5.696 GC heap after
Heap after GC invocations=2 (full 0):
 PSYoungGen      total 71680K, used 5110K [0x00000000eab00000, 0x00000000ef600000, 0x0000000100000000)
  eden space 66560K, 0% used [0x00000000eab00000,0x00000000eab00000,0x00000000eec00000)
  from space 5120K, 99% used [0x00000000ef100000,0x00000000ef5fdb90,0x00000000ef600000)
  to   space 5120K, 0% used [0x00000000eec00000,0x00000000eec00000,0x00000000ef100000)
 ParOldGen       total 87552K, used 5619K [0x00000000c0000000, 0x00000000c5580000, 0x00000000eab00000)
  object space 87552K, 6% used [0x00000000c0000000,0x00000000c057cc00,0x00000000c5580000)
 Metaspace       used 5964K, capacity 7024K, committed 7296K, reserved 1056768K
  class space    used 585K, capacity 616K, committed 640K, reserved 1048576K
}

Deoptimization events (10 events):
Event: 5.113 Thread 0x00000000023bd800 Uncommon trap: reason=bimorphic action=maybe_recompile pc=0x00000000028a485c method=java.util.HashMap.getNode(ILjava/lang/Object;)Ljava/util/HashMap$Node; @ 126
Event: 5.113 Thread 0x00000000023bd800 Uncommon trap: reason=class_check action=maybe_recompile pc=0x0000000002b2cafc method=java.util.HashMap.putVal(ILjava/lang/Object;Ljava/lang/Object;ZZ)Ljava/lang/Object; @ 203
Event: 5.113 Thread 0x00000000023bd800 Uncommon trap: reason=bimorphic action=maybe_recompile pc=0x0000000002b2cb3c method=java.util.HashMap.putVal(ILjava/lang/Object;Ljava/lang/Object;ZZ)Ljava/lang/Object; @ 91
Event: 5.113 Thread 0x00000000023bd800 Uncommon trap: reason=bimorphic action=maybe_recompile pc=0x0000000002b2cb3c method=java.util.HashMap.putVal(ILjava/lang/Object;Ljava/lang/Object;ZZ)Ljava/lang/Object; @ 91
Event: 5.113 Thread 0x00000000023bd800 Uncommon trap: reason=bimorphic action=maybe_recompile pc=0x00000000028a485c method=java.util.HashMap.getNode(ILjava/lang/Object;)Ljava/util/HashMap$Node; @ 126
Event: 5.113 Thread 0x00000000023bd800 Uncommon trap: reason=bimorphic action=maybe_recompile pc=0x0000000002941fa8 method=java.util.HashMap.getNode(ILjava/lang/Object;)Ljava/util/HashMap$Node; @ 126
Event: 5.924 Thread 0x0000000017449800 Uncommon trap: reason=class_check action=maybe_recompile pc=0x0000000002c23fa4 method=com.android.dx.cf.code.BytecodeArray.parseInstruction(ILcom/android/dx/cf/code/BytecodeArray$Visitor;)I @ 1549
Event: 5.924 Thread 0x0000000017449800 Uncommon trap: reason=class_check action=maybe_recompile pc=0x0000000002c23fa4 method=com.android.dx.cf.code.BytecodeArray.parseInstruction(ILcom/android/dx/cf/code/BytecodeArray$Visitor;)I @ 1549
Event: 6.429 Thread 0x0000000017449800 Uncommon trap: reason=unstable_if action=reinterpret pc=0x0000000002c81264 method=com.android.dx.ssa.LiteralOpUpgrader$1.visitNonMoveInsn(Lcom/android/dx/ssa/NormalSsaInsn;)V @ 176
Event: 6.452 Thread 0x00000000023bd800 Uncommon trap: reason=unloaded action=reinterpret pc=0x0000000002b75f48 method=com.android.dx.cf.cst.ConstantPoolParser.parse0(ILjava/util/BitSet;)Lcom/android/dx/rop/cst/Constant; @ 220

Internal exceptions (4 events):
Event: 0.037 Thread 0x00000000023bd800 Exception <a 'java/lang/NoSuchMethodError': Method sun.misc.Unsafe.defineClass(Ljava/lang/String;[BII)Ljava/lang/Class; name or signature does not match> (0x00000000eab0d868) thrown at [C:\re\workspace\8-2-build-windows-amd64-cygwin\jdk8u45\3457\hotspot\srÂº•Ù@£?
Event: 0.037 Thread 0x00000000023bd800 Exception <a 'java/lang/NoSuchMethodError': Method sun.misc.Unsafe.prefetchRead(Ljava/lang/Object;J)V name or signature does not match> (0x00000000eab0daf8) thrown at [C:\re\workspace\8-2-build-windows-amd64-cygwin\jdk8u45\3457\hotspot\src\share\vm\prims\jïÇcTÕô?
Event: 1.251 Thread 0x000000001746c800 Implicit null exception at 0x00000000029beab4 to 0x00000000029c0eb5
Event: 2.228 Thread 0x0000000017461800 Implicit null exception at 0x0000000002a00062 to 0x0000000002a00155

Events (10 events):
Event: 5.924 Thread 0x0000000017449800 DEOPT UNPACKING pc=0x00000000026d582a sp=0x0000000017e6e688 mode 2
Event: 5.924 Thread 0x0000000017449800 Uncommon trap: trap_request=0xffffffde fr.pc=0x0000000002c23fa4
Event: 5.924 Thread 0x0000000017449800 DEOPT PACKING pc=0x0000000002c23fa4 sp=0x0000000017e6e720
Event: 5.924 Thread 0x0000000017449800 DEOPT UNPACKING pc=0x00000000026d582a sp=0x0000000017e6e688 mode 2
Event: 6.429 Thread 0x0000000017449800 Uncommon trap: trap_request=0xffffff65 fr.pc=0x0000000002c81264
Event: 6.429 Thread 0x0000000017449800 DEOPT PACKING pc=0x0000000002c81264 sp=0x0000000017e6e7a0
Event: 6.429 Thread 0x0000000017449800 DEOPT UNPACKING pc=0x00000000026d582a sp=0x0000000017e6e750 mode 2
Event: 6.452 Thread 0x00000000023bd800 Uncommon trap: trap_request=0x000000d2 fr.pc=0x0000000002b75f48
Event: 6.452 Thread 0x00000000023bd800 DEOPT PACKING pc=0x0000000002b75f48 sp=0x000000000258e8f0
Event: 6.452 Thread 0x00000000023bd800 DEOPT UNPACKING pc=0x00000000026d582a sp=0x000000000258e8b8 mode 2


Dynamic libraries:
0x00007ff7e2390000 - 0x00007ff7e23c7000 	C:\Program Files\Java\jdk1.8.0_45\bin\java.exe
0x00007ffc099e0000 - 0x00007ffc09b8c000 	C:\WINDOWS\SYSTEM32\ntdll.dll
0x00007ffc096f0000 - 0x00007ffc0982e000 	C:\WINDOWS\system32\KERNEL32.DLL
0x00007ffc06f40000 - 0x00007ffc07055000 	C:\WINDOWS\system32\KERNELBASE.dll
0x00007ffc04c10000 - 0x00007ffc04c9e000 	C:\WINDOWS\system32\apphelp.dll
0x00007ffbf0410000 - 0x00007ffbf0463000 	C:\WINDOWS\AppPatch\AppPatch64\AcGenral.DLL
0x00007ffc08af0000 - 0x00007ffc08b9a000 	C:\WINDOWS\system32\msvcrt.dll
0x00007ffc06900000 - 0x00007ffc0692e000 	C:\WINDOWS\SYSTEM32\SspiCli.dll
0x00007ffc09210000 - 0x00007ffc09264000 	C:\WINDOWS\system32\SHLWAPI.dll
0x00007ffc09270000 - 0x00007ffc093e7000 	C:\WINDOWS\system32\USER32.dll
0x00007ffc093f0000 - 0x00007ffc09584000 	C:\WINDOWS\system32\ole32.dll
0x00007ffc070c0000 - 0x00007ffc085eb000 	C:\WINDOWS\system32\SHELL32.dll
0x00007ffc05c90000 - 0x00007ffc05cb1000 	C:\WINDOWS\SYSTEM32\USERENV.dll
0x00007ffc08a40000 - 0x00007ffc08aea000 	C:\WINDOWS\system32\ADVAPI32.dll
0x00007ffbfdcb0000 - 0x00007ffbfdcce000 	C:\WINDOWS\SYSTEM32\MPR.dll
0x00007ffc095a0000 - 0x00007ffc096e1000 	C:\WINDOWS\system32\RPCRT4.dll
0x00007ffc07060000 - 0x00007ffc070b9000 	C:\WINDOWS\SYSTEM32\sechost.dll
0x00007ffc08ff0000 - 0x00007ffc09201000 	C:\WINDOWS\SYSTEM32\combase.dll
0x00007ffc08cc0000 - 0x00007ffc08e0f000 	C:\WINDOWS\system32\GDI32.dll
0x00007ffc06b30000 - 0x00007ffc06b45000 	C:\WINDOWS\SYSTEM32\profapi.dll
0x00007ffc06140000 - 0x00007ffc061f2000 	C:\WINDOWS\SYSTEM32\SHCORE.dll
0x00007ffc08ba0000 - 0x00007ffc08bd6000 	C:\WINDOWS\system32\IMM32.DLL
0x00007ffc088e0000 - 0x00007ffc08a32000 	C:\WINDOWS\system32\MSCTF.dll
0x00007ffc06570000 - 0x00007ffc067eb000 	C:\WINDOWS\WinSxS\amd64_microsoft.windows.common-controls_6595b64144ccf1df_6.0.9600.18006_none_623f33d3ecbe86e8\COMCTL32.dll
0x00000000557e0000 - 0x00000000558b2000 	C:\Program Files\Java\jdk1.8.0_45\jre\bin\msvcr100.dll
0x0000000057cc0000 - 0x0000000058543000 	C:\Program Files\Java\jdk1.8.0_45\jre\bin\server\jvm.dll
0x00007ffbf89a0000 - 0x00007ffbf89a9000 	C:\WINDOWS\SYSTEM32\WSOCK32.dll
0x00007ffc03860000 - 0x00007ffc03882000 	C:\WINDOWS\SYSTEM32\WINMM.dll
0x00007ffc052c0000 - 0x00007ffc052ca000 	C:\WINDOWS\SYSTEM32\VERSION.dll
0x00007ffc08bf0000 - 0x00007ffc08bf7000 	C:\WINDOWS\system32\PSAPI.DLL
0x00007ffc08650000 - 0x00007ffc086aa000 	C:\WINDOWS\system32\WS2_32.dll
0x00007ffc03220000 - 0x00007ffc0324a000 	C:\WINDOWS\SYSTEM32\WINMMBASE.dll
0x00007ffc08860000 - 0x00007ffc08869000 	C:\WINDOWS\system32\NSI.dll
0x00007ffc06d10000 - 0x00007ffc06d5f000 	C:\WINDOWS\SYSTEM32\cfgmgr32.dll
0x00007ffc04e60000 - 0x00007ffc04e88000 	C:\WINDOWS\SYSTEM32\DEVOBJ.dll
0x00000000587f0000 - 0x00000000587ff000 	C:\Program Files\Java\jdk1.8.0_45\jre\bin\verify.dll
0x00000000587c0000 - 0x00000000587e9000 	C:\Program Files\Java\jdk1.8.0_45\jre\bin\java.dll
0x00000000587a0000 - 0x00000000587b6000 	C:\Program Files\Java\jdk1.8.0_45\jre\bin\zip.dll
0x00007ffc052d0000 - 0x00007ffc05459000 	C:\WINDOWS\SYSTEM32\dbghelp.dll

VM Arguments:
jvm_args: -Xmx1024M -Dfile.encoding=windows-1252 -Duser.country=NL -Duser.language=nl -Duser.variant 
java_command: com.android.dx.command.Main --dex --num-threads=4 --output C:\Users\Mitchell\Bureaublad\NavigationDrawer\app\build\intermediates\pre-dexed\debug\classes-25de714ffd4e86aa343b3e9cdc0be5b8ff17d6d8.jar C:\Users\Mitchell\Bureaublad\NavigationDrawer\app\build\intermediates\exploded-aar\com.android.support\appcompat-v7\23.1.0\jars\classes.jar
java_class_path (initial): D:\AppData\Local\Android\Sdk\build-tools\23.0.1\lib\dx.jar
Launcher Type: SUN_STANDARD

Environment Variables:
PATH=C:\ProgramData\Oracle\Java\javapath;C:\WINDOWS\SYSTEM32;C:\WINDOWS;C:\WINDOWS\SYSTEM32\WBEM;C:\WINDOWS\SYSTEM32\WINDOWSPOWERSHELL\V1.0\;C:\PROGRAM FILES\MICROSOFT SQL SERVER\110\TOOLS\BINN\;C:\PROGRAM FILES (X86)\MICROSOFT ASP.NET\ASP.NET WEB PAGES\V1.0\;C:\PROGRAM FILES (X86)\WINDOWS KITS\8.1\WINDOWS PERFORMANCE TOOLKIT\;C:\Program Files\Lenovo\Bluetooth Software\;C:\Program Files\Lenovo\Bluetooth Software\syswow64;C:\Program Files (x86)\AMD\ATI.ACE\Core-Static;C:\Program Files (x86)\Microsoft SDKs\TypeScript\1.0\;C:\Program Files\Samsung\AllShare Framework DMS\1.3.23\;C:\Program Files\Samsung\AllShare Framework DMS\1.3.23\64bit\;C:\Program Files (x86)\GtkSharp\2.12\bin;C:\Program Files\Microsoft\Web Platform Installer\;C:\Program Files (x86)\Microsoft SQL Server\100\Tools\Binn\;C:\Program Files\Microsoft SQL Server\100\Tools\Binn\;C:\Program Files\Microsoft SQL Server\100\DTS\Binn\;C:\Program Files (x86)\Microsoft SQL Server\110\Tools\Binn\;C:\Program Files\Microsoft SQL Server\110\DTS\Binn\;C:\Program Files (x86)\Microsoft SQL Server\110\Tools\Binn\ManagementStudio\;C:\Program Files (x86)\Microsoft SQL Server\110\DTS\Binn\;<path-to-sdk>/platform-tools;C:\Program Files\nodejs\;C:\Users\Mitchell\AppData\Roaming\npm
USERNAME=Mitchell
OS=Windows_NT
PROCESSOR_IDENTIFIER=Intel64 Family 6 Model 60 Stepping 3, GenuineIntel



---------------  S Y S T E M  ---------------

OS: Windows 8.1 , 64 bit Build 9600 (6.3.9600.17415)

CPU:total 8 (4 cores per cpu, 2 threads per core) family 6 model 60 stepping 3, cmov, cx8, fxsr, mmx, sse, sse2, sse3, ssse3, sse4.1, sse4.2, popcnt, avx, avx2, aes, clmul, erms, lzcnt, ht, tsc, tscinvbit, bmi1, bmi2

Memory: 4k page, physical 8302956k(676800k free), swap 13422956k(10112k free)

vm_info: Java HotSpot(TM) 64-Bit Server VM (25.45-b02) for windows-amd64 JRE (1.8.0_45-b14), built on Apr 10 2015 10:34:15 by "java_re" with MS VC++ 10.0 (VS2010)

time: Mon Nov 23 20:13:53 2015
elapsed time: 6 seconds (0d 0h 0m 6s)

