#
# There is insufficient memory for the Java Runtime Environment to continue.
# Native memory allocation (malloc) failed to allocate 1910896 bytes for Chunk::new
# Possible reasons:
#   The system is out of physical RAM or swap space
#   In 32 bit mode, the process size limit was hit
# Possible solutions:
#   Reduce memory load on the system
#   Increase physical memory or swap space
#   Check if swap backing store is full
#   Use 64 bit Java on a 64 bit OS
#   Decrease Java heap size (-Xmx/-Xms)
#   Decrease number of Java threads
#   Decrease Java thread stack sizes (-Xss)
#   Set larger code cache with -XX:ReservedCodeCacheSize=
# This output file may be truncated or incomplete.
#
#  Out of Memory Error (allocation.cpp:390), pid=5852, tid=6000
#
# JRE version: Java(TM) SE Runtime Environment (8.0_45-b14) (build 1.8.0_45-b14)
# Java VM: Java HotSpot(TM) 64-Bit Server VM (25.45-b02 mixed mode windows-amd64 compressed oops)
# Failed to write core dump. Minidumps are not enabled by default on client versions of Windows
#

---------------  T H R E A D  ---------------

Current thread (0x00000000170ac800):  JavaThread "C2 CompilerThread1" daemon [_thread_in_native, id=6000, stack(0x0000000017780000,0x0000000017880000)]

Stack: [0x0000000017780000,0x0000000017880000]
Native frames: (J=compiled Java code, j=interpreted, Vv=VM code, C=native code)
V  [jvm.dll+0x32b57a]
V  [jvm.dll+0x279873]
V  [jvm.dll+0x27a509]
V  [jvm.dll+0x271825]
V  [jvm.dll+0xcb9e2]
V  [jvm.dll+0xcbeac]
V  [jvm.dll+0x476ef2]
V  [jvm.dll+0x4b955f]
V  [jvm.dll+0x46bf81]
V  [jvm.dll+0x46ccbe]
V  [jvm.dll+0x4500f2]
V  [jvm.dll+0xa4352]
V  [jvm.dll+0xa4c8f]
V  [jvm.dll+0x241984]
V  [jvm.dll+0x29853a]
C  [msvcr100.dll+0x21d9f]
C  [msvcr100.dll+0x21e3b]
C  [KERNEL32.DLL+0x13d2]
C  [ntdll.dll+0x15454]


Current CompileTask:
C2:   2916 1373   !   4       com.android.dx.cf.cst.ConstantPoolParser::parse0 (731 bytes)


---------------  P R O C E S S  ---------------

Java Threads: ( => current thread )
  0x0000000017390000 JavaThread "pool-1-thread-4" [_thread_in_Java, id=5196, stack(0x0000000018080000,0x0000000018180000)]
  0x000000001738a800 JavaThread "pool-1-thread-3" [_thread_blocked, id=12820, stack(0x0000000017f80000,0x0000000018080000)]
  0x0000000017386800 JavaThread "pool-1-thread-2" [_thread_blocked, id=12964, stack(0x0000000017e80000,0x0000000017f80000)]
  0x0000000017366000 JavaThread "pool-2-thread-1" [_thread_blocked, id=12316, stack(0x0000000017d80000,0x0000000017e80000)]
  0x0000000017364800 JavaThread "pool-1-thread-1" [_thread_in_vm, id=2420, stack(0x0000000017c80000,0x0000000017d80000)]
  0x0000000017135000 JavaThread "Service Thread" daemon [_thread_blocked, id=10404, stack(0x0000000017a80000,0x0000000017b80000)]
  0x00000000170de800 JavaThread "C1 CompilerThread3" daemon [_thread_blocked, id=8016, stack(0x0000000017980000,0x0000000017a80000)]
  0x00000000170b3800 JavaThread "C2 CompilerThread2" daemon [_thread_blocked, id=6592, stack(0x0000000017880000,0x0000000017980000)]
=>0x00000000170ac800 JavaThread "C2 CompilerThread1" daemon [_thread_in_native, id=6000, stack(0x0000000017780000,0x0000000017880000)]
  0x00000000170a6800 JavaThread "C2 CompilerThread0" daemon [_thread_blocked, id=10496, stack(0x0000000017680000,0x0000000017780000)]
  0x00000000170a5800 JavaThread "Attach Listener" daemon [_thread_blocked, id=11696, stack(0x0000000017580000,0x0000000017680000)]
  0x00000000170a4000 JavaThread "Signal Dispatcher" daemon [_thread_blocked, id=6264, stack(0x0000000017480000,0x0000000017580000)]
  0x0000000002599800 JavaThread "Finalizer" daemon [_thread_blocked, id=11832, stack(0x0000000016f80000,0x0000000017080000)]
  0x00000000150bd800 JavaThread "Reference Handler" daemon [_thread_blocked, id=12908, stack(0x0000000016e80000,0x0000000016f80000)]
  0x00000000022ad800 JavaThread "main" [_thread_blocked, id=10816, stack(0x00000000023a0000,0x00000000024a0000)]

Other Threads:
  0x00000000150b9000 VMThread [stack: 0x0000000016d80000,0x0000000016e80000] [id=8528]
  0x0000000017139800 WatcherThread [stack: 0x0000000017b80000,0x0000000017c80000] [id=10108]

VM state:synchronizing (normal execution)

VM Mutex/Monitor currently owned by a thread:  ([mutex/lock_event])
[0x00000000022ad150] Safepoint_lock - owner thread: 0x00000000150b9000
[0x00000000022accd0] Threads_lock - owner thread: 0x00000000150b9000

Heap:
 PSYoungGen      total 38400K, used 17034K [0x00000000eab00000, 0x00000000ef600000, 0x0000000100000000)
  eden space 33280K, 35% used [0x00000000eab00000,0x00000000eb6aa520,0x00000000ecb80000)
  from space 5120K, 99% used [0x00000000ecb80000,0x00000000ed078538,0x00000000ed080000)
  to   space 5120K, 0% used [0x00000000ef100000,0x00000000ef100000,0x00000000ef600000)
 ParOldGen       total 87552K, used 1870K [0x00000000c0000000, 0x00000000c5580000, 0x00000000eab00000)
  object space 87552K, 2% used [0x00000000c0000000,0x00000000c01d3918,0x00000000c5580000)
 Metaspace       used 5925K, capacity 6960K, committed 7040K, reserved 1056768K
  class space    used 584K, capacity 616K, committed 640K, reserved 1048576K

Card table byte_map: [0x0000000011960000,0x0000000011b70000] byte_map_base: 0x0000000011360000

Marking Bits: (ParMarkBitMap*) 0x00000000584c4040
 Begin Bits: [0x00000000124d0000, 0x00000000134d0000)
 End Bits:   [0x00000000134d0000, 0x00000000144d0000)

Polling page: 0x0000000000a30000

CodeCache: size=245760Kb used=5786Kb max_used=5805Kb free=239973Kb
 bounds [0x00000000025a0000, 0x0000000002b60000, 0x00000000115a0000]
 total_blobs=1656 nmethods=1387 adapters=182
 compilation: enabled

Compilation events (10 events):
Event: 2.740 Thread 0x00000000170de800 1397       3       com.android.dx.cf.attrib.AttLocalVariableTable::<init> (8 bytes)
Event: 2.740 Thread 0x00000000170de800 nmethod 1397 0x0000000002b20010 code [0x0000000002b20180, 0x0000000002b20328]
Event: 2.740 Thread 0x00000000170de800 1399       3       com.android.dx.cf.attrib.RawAttribute::byteLength (11 bytes)
Event: 2.740 Thread 0x00000000170de800 nmethod 1399 0x0000000002b1fc10 code [0x0000000002b1fd60, 0x0000000002b1ff50]
Event: 2.740 Thread 0x00000000170de800 1398       3       java.lang.Character::forDigit (42 bytes)
Event: 2.741 Thread 0x00000000170de800 nmethod 1398 0x0000000002b42e50 code [0x0000000002b42fc0, 0x0000000002b43250]
Event: 2.742 Thread 0x00000000170a6800 nmethod 1366 0x0000000002b46dd0 code [0x0000000002b46fc0, 0x0000000002b47e88]
Event: 2.742 Thread 0x00000000170a6800 1400       4       com.android.dx.ssa.back.LivenessAnalyzer::run (231 bytes)
Event: 2.853 Thread 0x00000000170a6800 nmethod 1400 0x0000000002b4d350 code [0x0000000002b4d660, 0x0000000002b4f890]
Event: 2.854 Thread 0x00000000170a6800 1376       4       java.io.DataInputStream::readUnsignedShort (39 bytes)

GC Heap History (2 events):
Event: 1.595 GC heap before
{Heap before GC invocations=1 (full 0):
 PSYoungGen      total 38400K, used 33280K [0x00000000eab00000, 0x00000000ed580000, 0x0000000100000000)
  eden space 33280K, 100% used [0x00000000eab00000,0x00000000ecb80000,0x00000000ecb80000)
  from space 5120K, 0% used [0x00000000ed080000,0x00000000ed080000,0x00000000ed580000)
  to   space 5120K, 0% used [0x00000000ecb80000,0x00000000ecb80000,0x00000000ed080000)
 ParOldGen       total 87552K, used 0K [0x00000000c0000000, 0x00000000c5580000, 0x00000000eab00000)
  object space 87552K, 0% used [0x00000000c0000000,0x00000000c0000000,0x00000000c5580000)
 Metaspace       used 5803K, capacity 6896K, committed 7040K, reserved 1056768K
  class space    used 584K, capacity 616K, committed 640K, reserved 1048576K
Event: 1.856 GC heap after
Heap after GC invocations=1 (full 0):
 PSYoungGen      total 38400K, used 5089K [0x00000000eab00000, 0x00000000ef600000, 0x0000000100000000)
  eden space 33280K, 0% used [0x00000000eab00000,0x00000000eab00000,0x00000000ecb80000)
  from space 5120K, 99% used [0x00000000ecb80000,0x00000000ed078538,0x00000000ed080000)
  to   space 5120K, 0% used [0x00000000ef100000,0x00000000ef100000,0x00000000ef600000)
 ParOldGen       total 87552K, used 1870K [0x00000000c0000000, 0x00000000c5580000, 0x00000000eab00000)
  object space 87552K, 2% used [0x00000000c0000000,0x00000000c01d3918,0x00000000c5580000)
 Metaspace       used 5803K, capacity 6896K, committed 7040K, reserved 1056768K
  class space    used 584K, capacity 616K, committed 640K, reserved 1048576K
}

Deoptimization events (7 events):
Event: 0.781 Thread 0x000000001738a800 Uncommon trap: reason=unstable_if action=reinterpret pc=0x00000000027b23d8 method=java.util.HashMap.getNode(ILjava/lang/Object;)Ljava/util/HashMap$Node; @ 129
Event: 0.812 Thread 0x0000000017390000 Uncommon trap: reason=unstable_if action=reinterpret pc=0x00000000027d67f4 method=java.util.BitSet.ensureCapacity(I)V @ 6
Event: 0.813 Thread 0x0000000017390000 Uncommon trap: reason=unstable_if action=reinterpret pc=0x00000000027b6d70 method=java.util.BitSet.nextSetBit(I)I @ 87
Event: 0.943 Thread 0x000000001738a800 Uncommon trap: reason=null_check action=make_not_entrant pc=0x000000000285d3b8 method=com.android.dx.ssa.SsaRenamer.getLocalForNewReg(I)Lcom/android/dx/rop/code/LocalItem; @ 19
Event: 2.364 Thread 0x000000001738a800 Uncommon trap: reason=unstable_if action=reinterpret pc=0x0000000002a802b8 method=com.android.dx.ssa.SCCP.simulateBranch(Lcom/android/dx/ssa/SsaInsn;)V @ 64
Event: 2.436 Thread 0x000000001738a800 Uncommon trap: reason=unstable_if action=reinterpret pc=0x0000000002874434 method=com.android.dx.rop.code.RegisterSpec.equals(ILcom/android/dx/rop/type/TypeBearer;Lcom/android/dx/rop/code/LocalItem;)Z @ 42
Event: 2.457 Thread 0x000000001738a800 Uncommon trap: reason=unstable_if action=reinterpret pc=0x0000000002947ffc method=com.android.dx.util.IntList.binarysearch(I)I @ 105

Internal exceptions (3 events):
Event: 0.037 Thread 0x00000000022ad800 Exception <a 'java/lang/NoSuchMethodError': Method sun.misc.Unsafe.defineClass(Ljava/lang/String;[BII)Ljava/lang/Class; name or signature does not match> (0x00000000eab0d868) thrown at [C:\re\workspace\8-2-build-windows-amd64-cygwin\jdk8u45\3457\hotspot\srˆÞ÷=£?
Event: 0.037 Thread 0x00000000022ad800 Exception <a 'java/lang/NoSuchMethodError': Method sun.misc.Unsafe.prefetchRead(Ljava/lang/Object;J)V name or signature does not match> (0x00000000eab0daf8) thrown at [C:\re\workspace\8-2-build-windows-amd64-cygwin\jdk8u45\3457\hotspot\src\share\vm\prims\j¨‚o×80î?
Event: 0.943 Thread 0x000000001738a800 Implicit null exception at 0x000000000285ae67 to 0x000000000285d371

Events (10 events):
Event: 1.978 Thread 0x0000000017386800 DEOPT UNPACKING pc=0x00000000025e787f sp=0x0000000017f7e840 mode 0
Event: 2.364 Thread 0x000000001738a800 Uncommon trap: trap_request=0xffffff65 fr.pc=0x0000000002a802b8
Event: 2.364 Thread 0x000000001738a800 DEOPT PACKING pc=0x0000000002a802b8 sp=0x000000001807e880
Event: 2.364 Thread 0x000000001738a800 DEOPT UNPACKING pc=0x00000000025e582a sp=0x000000001807e820 mode 2
Event: 2.436 Thread 0x000000001738a800 Uncommon trap: trap_request=0xffffff65 fr.pc=0x0000000002874434
Event: 2.436 Thread 0x000000001738a800 DEOPT PACKING pc=0x0000000002874434 sp=0x000000001807e8d0
Event: 2.436 Thread 0x000000001738a800 DEOPT UNPACKING pc=0x00000000025e582a sp=0x000000001807e858 mode 2
Event: 2.457 Thread 0x000000001738a800 Uncommon trap: trap_request=0xffffff65 fr.pc=0x0000000002947ffc
Event: 2.457 Thread 0x000000001738a800 DEOPT PACKING pc=0x0000000002947ffc sp=0x000000001807e8b0
Event: 2.457 Thread 0x000000001738a800 DEOPT UNPACKING pc=0x00000000025e582a sp=0x000000001807e828 mode 2


Dynamic libraries:
0x00007ff7e2390000 - 0x00007ff7e23c7000 	C:\Program Files\Java\jdk1.8.0_45\bin\java.exe
0x00007ffc099e0000 - 0x00007ffc09b8c000 	C:\WINDOWS\SYSTEM32\ntdll.dll
0x00007ffc096f0000 - 0x00007ffc0982e000 	C:\WINDOWS\system32\KERNEL32.DLL
0x00007ffc06f40000 - 0x00007ffc07055000 	C:\WINDOWS\system32\KERNELBASE.dll
0x00007ffc04c10000 - 0x00007ffc04c9e000 	C:\WINDOWS\system32\apphelp.dll
0x00007ffbf0410000 - 0x00007ffbf0463000 	C:\WINDOWS\AppPatch\AppPatch64\AcGenral.DLL
0x00007ffc08af0000 - 0x00007ffc08b9a000 	C:\WINDOWS\system32\msvcrt.dll
0x00007ffc06900000 - 0x00007ffc0692e000 	C:\WINDOWS\SYSTEM32\SspiCli.dll
0x00007ffc09210000 - 0x00007ffc09264000 	C:\WINDOWS\system32\SHLWAPI.dll
0x00007ffc09270000 - 0x00007ffc093e7000 	C:\WINDOWS\system32\USER32.dll
0x00007ffc093f0000 - 0x00007ffc09584000 	C:\WINDOWS\system32\ole32.dll
0x00007ffc070c0000 - 0x00007ffc085eb000 	C:\WINDOWS\system32\SHELL32.dll
0x00007ffc05c90000 - 0x00007ffc05cb1000 	C:\WINDOWS\SYSTEM32\USERENV.dll
0x00007ffc08a40000 - 0x00007ffc08aea000 	C:\WINDOWS\system32\ADVAPI32.dll
0x00007ffbfdcb0000 - 0x00007ffbfdcce000 	C:\WINDOWS\SYSTEM32\MPR.dll
0x00007ffc095a0000 - 0x00007ffc096e1000 	C:\WINDOWS\system32\RPCRT4.dll
0x00007ffc07060000 - 0x00007ffc070b9000 	C:\WINDOWS\SYSTEM32\sechost.dll
0x00007ffc08ff0000 - 0x00007ffc09201000 	C:\WINDOWS\SYSTEM32\combase.dll
0x00007ffc08cc0000 - 0x00007ffc08e0f000 	C:\WINDOWS\system32\GDI32.dll
0x00007ffc06b30000 - 0x00007ffc06b45000 	C:\WINDOWS\SYSTEM32\profapi.dll
0x00007ffc06140000 - 0x00007ffc061f2000 	C:\WINDOWS\SYSTEM32\SHCORE.dll
0x00007ffc08ba0000 - 0x00007ffc08bd6000 	C:\WINDOWS\system32\IMM32.DLL
0x00007ffc088e0000 - 0x00007ffc08a32000 	C:\WINDOWS\system32\MSCTF.dll
0x00007ffc06570000 - 0x00007ffc067eb000 	C:\WINDOWS\WinSxS\amd64_microsoft.windows.common-controls_6595b64144ccf1df_6.0.9600.18006_none_623f33d3ecbe86e8\COMCTL32.dll
0x00000000557e0000 - 0x00000000558b2000 	C:\Program Files\Java\jdk1.8.0_45\jre\bin\msvcr100.dll
0x0000000057cc0000 - 0x0000000058543000 	C:\Program Files\Java\jdk1.8.0_45\jre\bin\server\jvm.dll
0x00007ffbf89a0000 - 0x00007ffbf89a9000 	C:\WINDOWS\SYSTEM32\WSOCK32.dll
0x00007ffc03860000 - 0x00007ffc03882000 	C:\WINDOWS\SYSTEM32\WINMM.dll
0x00007ffc052c0000 - 0x00007ffc052ca000 	C:\WINDOWS\SYSTEM32\VERSION.dll
0x00007ffc08bf0000 - 0x00007ffc08bf7000 	C:\WINDOWS\system32\PSAPI.DLL
0x00007ffc08650000 - 0x00007ffc086aa000 	C:\WINDOWS\system32\WS2_32.dll
0x00007ffc03220000 - 0x00007ffc0324a000 	C:\WINDOWS\SYSTEM32\WINMMBASE.dll
0x00007ffc08860000 - 0x00007ffc08869000 	C:\WINDOWS\system32\NSI.dll
0x00007ffc06d10000 - 0x00007ffc06d5f000 	C:\WINDOWS\SYSTEM32\cfgmgr32.dll
0x00007ffc04e60000 - 0x00007ffc04e88000 	C:\WINDOWS\SYSTEM32\DEVOBJ.dll
0x00000000587f0000 - 0x00000000587ff000 	C:\Program Files\Java\jdk1.8.0_45\jre\bin\verify.dll
0x00000000587c0000 - 0x00000000587e9000 	C:\Program Files\Java\jdk1.8.0_45\jre\bin\java.dll
0x00000000587a0000 - 0x00000000587b6000 	C:\Program Files\Java\jdk1.8.0_45\jre\bin\zip.dll
0x00007ffc052d0000 - 0x00007ffc05459000 	C:\WINDOWS\SYSTEM32\dbghelp.dll

VM Arguments:
jvm_args: -Xmx1024M -Dfile.encoding=windows-1252 -Duser.country=NL -Duser.language=nl -Duser.variant 
java_command: com.android.dx.command.Main --dex --num-threads=4 --output C:\Users\Mitchell\Bureaublad\NavigationDrawer\app\build\intermediates\pre-dexed\debug\classes-25de714ffd4e86aa343b3e9cdc0be5b8ff17d6d8.jar C:\Users\Mitchell\Bureaublad\NavigationDrawer\app\build\intermediates\exploded-aar\com.android.support\appcompat-v7\23.1.0\jars\classes.jar
java_class_path (initial): D:\AppData\Local\Android\Sdk\build-tools\23.0.1\lib\dx.jar
Launcher Type: SUN_STANDARD

Environment Variables:
PATH=C:\ProgramData\Oracle\Java\javapath;C:\WINDOWS\SYSTEM32;C:\WINDOWS;C:\WINDOWS\SYSTEM32\WBEM;C:\WINDOWS\SYSTEM32\WINDOWSPOWERSHELL\V1.0\;C:\PROGRAM FILES\MICROSOFT SQL SERVER\110\TOOLS\BINN\;C:\PROGRAM FILES (X86)\MICROSOFT ASP.NET\ASP.NET WEB PAGES\V1.0\;C:\PROGRAM FILES (X86)\WINDOWS KITS\8.1\WINDOWS PERFORMANCE TOOLKIT\;C:\Program Files\Lenovo\Bluetooth Software\;C:\Program Files\Lenovo\Bluetooth Software\syswow64;C:\Program Files (x86)\AMD\ATI.ACE\Core-Static;C:\Program Files (x86)\Microsoft SDKs\TypeScript\1.0\;C:\Program Files\Samsung\AllShare Framework DMS\1.3.23\;C:\Program Files\Samsung\AllShare Framework DMS\1.3.23\64bit\;C:\Program Files (x86)\GtkSharp\2.12\bin;C:\Program Files\Microsoft\Web Platform Installer\;C:\Program Files (x86)\Microsoft SQL Server\100\Tools\Binn\;C:\Program Files\Microsoft SQL Server\100\Tools\Binn\;C:\Program Files\Microsoft SQL Server\100\DTS\Binn\;C:\Program Files (x86)\Microsoft SQL Server\110\Tools\Binn\;C:\Program Files\Microsoft SQL Server\110\DTS\Binn\;C:\Program Files (x86)\Microsoft SQL Server\110\Tools\Binn\ManagementStudio\;C:\Program Files (x86)\Microsoft SQL Server\110\DTS\Binn\;<path-to-sdk>/platform-tools;C:\Program Files\nodejs\;C:\Users\Mitchell\AppData\Roaming\npm
USERNAME=Mitchell
OS=Windows_NT
PROCESSOR_IDENTIFIER=Intel64 Family 6 Model 60 Stepping 3, GenuineIntel



---------------  S Y S T E M  ---------------

OS: Windows 8.1 , 64 bit Build 9600 (6.3.9600.17415)

CPU:total 8 (4 cores per cpu, 2 threads per core) family 6 model 60 stepping 3, cmov, cx8, fxsr, mmx, sse, sse2, sse3, ssse3, sse4.1, sse4.2, popcnt, avx, avx2, aes, clmul, erms, lzcnt, ht, tsc, tscinvbit, bmi1, bmi2

Memory: 4k page, physical 8302956k(923152k free), swap 13422956k(6068k free)

vm_info: Java HotSpot(TM) 64-Bit Server VM (25.45-b02) for windows-amd64 JRE (1.8.0_45-b14), built on Apr 10 2015 10:34:15 by "java_re" with MS VC++ 10.0 (VS2010)

time: Mon Nov 23 20:13:24 2015
elapsed time: 2 seconds (0d 0h 0m 2s)

