#
# There is insufficient memory for the Java Runtime Environment to continue.
# Native memory allocation (malloc) failed to allocate 740096 bytes for Chunk::new
# Possible reasons:
#   The system is out of physical RAM or swap space
#   In 32 bit mode, the process size limit was hit
# Possible solutions:
#   Reduce memory load on the system
#   Increase physical memory or swap space
#   Check if swap backing store is full
#   Use 64 bit Java on a 64 bit OS
#   Decrease Java heap size (-Xmx/-Xms)
#   Decrease number of Java threads
#   Decrease Java thread stack sizes (-Xss)
#   Set larger code cache with -XX:ReservedCodeCacheSize=
# This output file may be truncated or incomplete.
#
#  Out of Memory Error (allocation.cpp:390), pid=2916, tid=9744
#
# JRE version: Java(TM) SE Runtime Environment (8.0_45-b14) (build 1.8.0_45-b14)
# Java VM: Java HotSpot(TM) 64-Bit Server VM (25.45-b02 mixed mode windows-amd64 compressed oops)
# Failed to write core dump. Minidumps are not enabled by default on client versions of Windows
#

---------------  T H R E A D  ---------------

Current thread (0x00000000177e6000):  JavaThread "C2 CompilerThread2" daemon [_thread_in_native, id=9744, stack(0x0000000017f60000,0x0000000018060000)]

Stack: [0x0000000017f60000,0x0000000018060000]
Native frames: (J=compiled Java code, j=interpreted, Vv=VM code, C=native code)
V  [jvm.dll+0x32b57a]


Current CompileTask:
C2:   3101 1201       4       com.android.dx.ssa.SCCP::simulateStmt (481 bytes)


---------------  P R O C E S S  ---------------

Java Threads: ( => current thread )
  0x0000000017a83800 JavaThread "pool-1-thread-4" [_thread_in_Java, id=11400, stack(0x0000000018760000,0x0000000018860000)]
  0x0000000017a54800 JavaThread "pool-1-thread-3" [_thread_in_vm, id=3300, stack(0x0000000018660000,0x0000000018760000)]
  0x0000000017a49800 JavaThread "pool-1-thread-2" [_thread_in_Java, id=4964, stack(0x0000000018560000,0x0000000018660000)]
  0x0000000017a48800 JavaThread "pool-2-thread-1" [_thread_blocked, id=7072, stack(0x0000000018460000,0x0000000018560000)]
  0x0000000017a41000 JavaThread "pool-1-thread-1" [_thread_in_Java, id=13196, stack(0x0000000018360000,0x0000000018460000)]
  0x0000000017818800 JavaThread "Service Thread" daemon [_thread_blocked, id=6116, stack(0x0000000018160000,0x0000000018260000)]
  0x00000000177f8000 JavaThread "C1 CompilerThread3" daemon [_thread_in_native, id=10268, stack(0x0000000018060000,0x0000000018160000)]
=>0x00000000177e6000 JavaThread "C2 CompilerThread2" daemon [_thread_in_native, id=9744, stack(0x0000000017f60000,0x0000000018060000)]
  0x00000000177db800 JavaThread "C2 CompilerThread1" daemon [_thread_in_native, id=11700, stack(0x0000000017e60000,0x0000000017f60000)]
  0x0000000017786800 JavaThread "C2 CompilerThread0" daemon [_thread_in_native, id=3188, stack(0x0000000017d60000,0x0000000017e60000)]
  0x0000000017785800 JavaThread "Attach Listener" daemon [_thread_blocked, id=5744, stack(0x0000000017c60000,0x0000000017d60000)]
  0x0000000017784800 JavaThread "Signal Dispatcher" daemon [_thread_blocked, id=11732, stack(0x0000000017b60000,0x0000000017c60000)]
  0x0000000002c39800 JavaThread "Finalizer" daemon [_thread_blocked, id=11548, stack(0x0000000017660000,0x0000000017760000)]
  0x000000001575d800 JavaThread "Reference Handler" daemon [_thread_blocked, id=12972, stack(0x0000000017560000,0x0000000017660000)]
  0x0000000002a3d800 JavaThread "main" [_thread_in_Java, id=12728, stack(0x0000000002a40000,0x0000000002b40000)]

Other Threads:
  0x0000000015759000 VMThread [stack: 0x0000000017460000,0x0000000017560000] [id=12864]
  0x0000000017819800 WatcherThread [stack: 0x0000000018260000,0x0000000018360000] [id=5884]

VM state:not at safepoint (normal execution)

VM Mutex/Monitor currently owned by a thread: None

Heap:
 PSYoungGen      total 38400K, used 28939K [0x00000000eab00000, 0x00000000ed580000, 0x0000000100000000)
  eden space 33280K, 86% used [0x00000000eab00000,0x00000000ec742cf0,0x00000000ecb80000)
  from space 5120K, 0% used [0x00000000ed080000,0x00000000ed080000,0x00000000ed580000)
  to   space 5120K, 0% used [0x00000000ecb80000,0x00000000ecb80000,0x00000000ed080000)
 ParOldGen       total 87552K, used 0K [0x00000000c0000000, 0x00000000c5580000, 0x00000000eab00000)
  object space 87552K, 0% used [0x00000000c0000000,0x00000000c0000000,0x00000000c5580000)
 Metaspace       used 5825K, capacity 6896K, committed 7040K, reserved 1056768K
  class space    used 582K, capacity 616K, committed 640K, reserved 1048576K

Card table byte_map: [0x0000000012000000,0x0000000012210000] byte_map_base: 0x0000000011a00000

Marking Bits: (ParMarkBitMap*) 0x00000000584c4040
 Begin Bits: [0x0000000012b70000, 0x0000000013b70000)
 End Bits:   [0x0000000013b70000, 0x0000000014b70000)

Polling page: 0x00000000011b0000

CodeCache: size=245760Kb used=4911Kb max_used=4923Kb free=240848Kb
 bounds [0x0000000002c40000, 0x0000000003120000, 0x0000000011c40000]
 total_blobs=1493 nmethods=1224 adapters=182
 compilation: enabled

Compilation events (10 events):
Event: 3.087 Thread 0x00000000177f8000 nmethod 1224 0x00000000031078d0 code [0x0000000003107a20, 0x0000000003107bb0]
Event: 3.087 Thread 0x00000000177f8000 1225       3       com.android.dx.ssa.SsaConverter::edgeSplitPredecessors (44 bytes)
Event: 3.088 Thread 0x00000000177f8000 nmethod 1225 0x000000000310cf10 code [0x000000000310d120, 0x000000000310dae8]
Event: 3.088 Thread 0x00000000177f8000 1226       3       com.android.dx.ssa.SsaConverter::edgeSplitSuccessors (98 bytes)
Event: 3.089 Thread 0x00000000177f8000 nmethod 1226 0x000000000310e050 code [0x000000000310e2c0, 0x000000000310f0e8]
Event: 3.089 Thread 0x00000000177f8000 1227       3       com.android.dx.rop.code.RegisterSpecSet::equals (106 bytes)
Event: 3.089 Thread 0x00000000177f8000 nmethod 1227 0x0000000003106bd0 code [0x0000000003106da0, 0x00000000031075c8]
Event: 3.090 Thread 0x0000000017786800 nmethod 1223 0x0000000003112d10 code [0x0000000003112e80, 0x00000000031134d8]
Event: 3.090 Thread 0x00000000177f8000 1228       3       java.util.HashMap::tableSizeFor (59 bytes)
Event: 3.091 Thread 0x00000000177f8000 nmethod 1228 0x0000000003112910 code [0x0000000003112a80, 0x0000000003112c90]

GC Heap History (0 events):
No events

Deoptimization events (10 events):
Event: 2.091 Thread 0x0000000017a83800 Uncommon trap: reason=class_check action=maybe_recompile pc=0x0000000002f15df0 method=com.android.dx.ssa.NormalSsaInsn.accept(Lcom/android/dx/ssa/SsaInsn$Visitor;)V @ 9
Event: 2.091 Thread 0x0000000017a83800 Uncommon trap: reason=class_check action=maybe_recompile pc=0x0000000002f15df0 method=com.android.dx.ssa.NormalSsaInsn.accept(Lcom/android/dx/ssa/SsaInsn$Visitor;)V @ 9
Event: 2.091 Thread 0x0000000017a83800 Uncommon trap: reason=class_check action=maybe_recompile pc=0x0000000002f15df0 method=com.android.dx.ssa.NormalSsaInsn.accept(Lcom/android/dx/ssa/SsaInsn$Visitor;)V @ 9
Event: 2.321 Thread 0x0000000017a49800 Uncommon trap: reason=unstable_if action=reinterpret pc=0x0000000002f0cd5c method=com.android.dx.rop.cst.Constant.compareTo(Lcom/android/dx/rop/cst/Constant;)I @ 12
Event: 2.322 Thread 0x0000000017a49800 Uncommon trap: reason=class_check action=maybe_recompile pc=0x0000000002f58900 method=com.android.dx.ssa.NormalSsaInsn.accept(Lcom/android/dx/ssa/SsaInsn$Visitor;)V @ 9
Event: 2.781 Thread 0x0000000017a54800 Uncommon trap: reason=unstable_if action=reinterpret pc=0x0000000002f3ba3c method=com.android.dx.rop.code.LocalItem.hashCode()I @ 25
Event: 2.781 Thread 0x0000000017a54800 Uncommon trap: reason=unstable_if action=reinterpret pc=0x0000000002eda24c method=com.android.dx.rop.code.LocalItem.hashCode()I @ 25
Event: 2.782 Thread 0x0000000017a54800 Uncommon trap: reason=null_check action=make_not_entrant pc=0x0000000002fa14f0 method=com.android.dx.ssa.SsaRenamer.getLocalForNewReg(I)Lcom/android/dx/rop/code/LocalItem; @ 19
Event: 2.940 Thread 0x0000000002a3d800 Uncommon trap: reason=bimorphic action=maybe_recompile pc=0x0000000002f774e8 method=java.util.HashMap.getNode(ILjava/lang/Object;)Ljava/util/HashMap$Node; @ 126
Event: 2.976 Thread 0x0000000017a41000 Uncommon trap: reason=unstable_if action=reinterpret pc=0x00000000030b36b0 method=com.android.dx.ssa.SsaRenamer$BlockRenamer.addMapping(ILcom/android/dx/rop/code/RegisterSpec;)V @ 120

Internal exceptions (3 events):
Event: 0.036 Thread 0x0000000002a3d800 Exception <a 'java/lang/NoSuchMethodError': Method sun.misc.Unsafe.defineClass(Ljava/lang/String;[BII)Ljava/lang/Class; name or signature does not match> (0x00000000eab0d9d8) thrown at [C:\re\workspace\8-2-build-windows-amd64-cygwin\jdk8u45\3457\hotspot\srnFÉXb¢?
Event: 0.036 Thread 0x0000000002a3d800 Exception <a 'java/lang/NoSuchMethodError': Method sun.misc.Unsafe.prefetchRead(Ljava/lang/Object;J)V name or signature does not match> (0x00000000eab0dc68) thrown at [C:\re\workspace\8-2-build-windows-amd64-cygwin\jdk8u45\3457\hotspot\src\share\vm\prims\jÏ[Kûæ@@
Event: 2.782 Thread 0x0000000017a54800 Implicit null exception at 0x0000000002f9ffec to 0x0000000002fa14bd

Events (10 events):
Event: 2.888 loading class com/android/dx/cf/attrib/AttRuntimeVisibleAnnotations
Event: 2.888 loading class com/android/dx/cf/attrib/AttRuntimeVisibleAnnotations done
Event: 2.940 Thread 0x0000000002a3d800 Uncommon trap: trap_request=0xffffffc6 fr.pc=0x0000000002f774e8
Event: 2.940 Thread 0x0000000002a3d800 DEOPT PACKING pc=0x0000000002f774e8 sp=0x0000000002b3e220
Event: 2.940 Thread 0x0000000002a3d800 DEOPT UNPACKING pc=0x0000000002c8582a sp=0x0000000002b3e138 mode 2
Event: 2.976 Thread 0x0000000017a41000 Uncommon trap: trap_request=0xffffff65 fr.pc=0x00000000030b36b0
Event: 2.976 Thread 0x0000000017a41000 DEOPT PACKING pc=0x00000000030b36b0 sp=0x000000001845e730
Event: 2.976 Thread 0x0000000017a41000 DEOPT UNPACKING pc=0x0000000002c8582a sp=0x000000001845e6c0 mode 2
Event: 2.981 Executing VM operation: ForceSafepoint
Event: 2.992 Executing VM operation: ForceSafepoint done


Dynamic libraries:
0x00007ff7e2390000 - 0x00007ff7e23c7000 	C:\Program Files\Java\jdk1.8.0_45\bin\java.exe
0x00007ffc099e0000 - 0x00007ffc09b8c000 	C:\WINDOWS\SYSTEM32\ntdll.dll
0x00007ffc096f0000 - 0x00007ffc0982e000 	C:\WINDOWS\system32\KERNEL32.DLL
0x00007ffc06f40000 - 0x00007ffc07055000 	C:\WINDOWS\system32\KERNELBASE.dll
0x00007ffc04c10000 - 0x00007ffc04c9e000 	C:\WINDOWS\system32\apphelp.dll
0x00007ffbf0410000 - 0x00007ffbf0463000 	C:\WINDOWS\AppPatch\AppPatch64\AcGenral.DLL
0x00007ffc08af0000 - 0x00007ffc08b9a000 	C:\WINDOWS\system32\msvcrt.dll
0x00007ffc06900000 - 0x00007ffc0692e000 	C:\WINDOWS\SYSTEM32\SspiCli.dll
0x00007ffc09210000 - 0x00007ffc09264000 	C:\WINDOWS\system32\SHLWAPI.dll
0x00007ffc09270000 - 0x00007ffc093e7000 	C:\WINDOWS\system32\USER32.dll
0x00007ffc093f0000 - 0x00007ffc09584000 	C:\WINDOWS\system32\ole32.dll
0x00007ffc070c0000 - 0x00007ffc085eb000 	C:\WINDOWS\system32\SHELL32.dll
0x00007ffc05c90000 - 0x00007ffc05cb1000 	C:\WINDOWS\SYSTEM32\USERENV.dll
0x00007ffc08a40000 - 0x00007ffc08aea000 	C:\WINDOWS\system32\ADVAPI32.dll
0x00007ffbfdcb0000 - 0x00007ffbfdcce000 	C:\WINDOWS\SYSTEM32\MPR.dll
0x00007ffc095a0000 - 0x00007ffc096e1000 	C:\WINDOWS\system32\RPCRT4.dll
0x00007ffc07060000 - 0x00007ffc070b9000 	C:\WINDOWS\SYSTEM32\sechost.dll
0x00007ffc08ff0000 - 0x00007ffc09201000 	C:\WINDOWS\SYSTEM32\combase.dll
0x00007ffc08cc0000 - 0x00007ffc08e0f000 	C:\WINDOWS\system32\GDI32.dll
0x00007ffc06b30000 - 0x00007ffc06b45000 	C:\WINDOWS\SYSTEM32\profapi.dll
0x00007ffc06140000 - 0x00007ffc061f2000 	C:\WINDOWS\SYSTEM32\SHCORE.dll
0x00007ffc08ba0000 - 0x00007ffc08bd6000 	C:\WINDOWS\system32\IMM32.DLL
0x00007ffc088e0000 - 0x00007ffc08a32000 	C:\WINDOWS\system32\MSCTF.dll
0x00007ffc06570000 - 0x00007ffc067eb000 	C:\WINDOWS\WinSxS\amd64_microsoft.windows.common-controls_6595b64144ccf1df_6.0.9600.18006_none_623f33d3ecbe86e8\COMCTL32.dll
0x00000000557e0000 - 0x00000000558b2000 	C:\Program Files\Java\jdk1.8.0_45\jre\bin\msvcr100.dll
0x0000000057cc0000 - 0x0000000058543000 	C:\Program Files\Java\jdk1.8.0_45\jre\bin\server\jvm.dll
0x00007ffbf89a0000 - 0x00007ffbf89a9000 	C:\WINDOWS\SYSTEM32\WSOCK32.dll
0x00007ffc03860000 - 0x00007ffc03882000 	C:\WINDOWS\SYSTEM32\WINMM.dll
0x00007ffc052c0000 - 0x00007ffc052ca000 	C:\WINDOWS\SYSTEM32\VERSION.dll
0x00007ffc08bf0000 - 0x00007ffc08bf7000 	C:\WINDOWS\system32\PSAPI.DLL
0x00007ffc08650000 - 0x00007ffc086aa000 	C:\WINDOWS\system32\WS2_32.dll
0x00007ffc03220000 - 0x00007ffc0324a000 	C:\WINDOWS\SYSTEM32\WINMMBASE.dll
0x00007ffc08860000 - 0x00007ffc08869000 	C:\WINDOWS\system32\NSI.dll
0x00007ffc06d10000 - 0x00007ffc06d5f000 	C:\WINDOWS\SYSTEM32\cfgmgr32.dll
0x00007ffc04e60000 - 0x00007ffc04e88000 	C:\WINDOWS\SYSTEM32\DEVOBJ.dll
0x00000000587f0000 - 0x00000000587ff000 	C:\Program Files\Java\jdk1.8.0_45\jre\bin\verify.dll
0x00000000587c0000 - 0x00000000587e9000 	C:\Program Files\Java\jdk1.8.0_45\jre\bin\java.dll
0x00000000587a0000 - 0x00000000587b6000 	C:\Program Files\Java\jdk1.8.0_45\jre\bin\zip.dll

VM Arguments:
jvm_args: -Xmx1024M -Dfile.encoding=windows-1252 -Duser.country=NL -Duser.language=nl -Duser.variant 
java_command: com.android.dx.command.Main --dex --num-threads=4 --output C:\Users\Mitchell\Bureaublad\NavigationDrawer\app\build\intermediates\pre-dexed\debug\classes-fd510d6572c2366e2566a7040a11be17cdda51c3.jar C:\Users\Mitchell\Bureaublad\NavigationDrawer\app\build\intermediates\exploded-aar\com.android.support\design\23.1.0\jars\classes.jar
java_class_path (initial): D:\AppData\Local\Android\Sdk\build-tools\23.0.1\lib\dx.jar
Launcher Type: SUN_STANDARD

Environment Variables:
PATH=C:\ProgramData\Oracle\Java\javapath;C:\WINDOWS\SYSTEM32;C:\WINDOWS;C:\WINDOWS\SYSTEM32\WBEM;C:\WINDOWS\SYSTEM32\WINDOWSPOWERSHELL\V1.0\;C:\PROGRAM FILES\MICROSOFT SQL SERVER\110\TOOLS\BINN\;C:\PROGRAM FILES (X86)\MICROSOFT ASP.NET\ASP.NET WEB PAGES\V1.0\;C:\PROGRAM FILES (X86)\WINDOWS KITS\8.1\WINDOWS PERFORMANCE TOOLKIT\;C:\Program Files\Lenovo\Bluetooth Software\;C:\Program Files\Lenovo\Bluetooth Software\syswow64;C:\Program Files (x86)\AMD\ATI.ACE\Core-Static;C:\Program Files (x86)\Microsoft SDKs\TypeScript\1.0\;C:\Program Files\Samsung\AllShare Framework DMS\1.3.23\;C:\Program Files\Samsung\AllShare Framework DMS\1.3.23\64bit\;C:\Program Files (x86)\GtkSharp\2.12\bin;C:\Program Files\Microsoft\Web Platform Installer\;C:\Program Files (x86)\Microsoft SQL Server\100\Tools\Binn\;C:\Program Files\Microsoft SQL Server\100\Tools\Binn\;C:\Program Files\Microsoft SQL Server\100\DTS\Binn\;C:\Program Files (x86)\Microsoft SQL Server\110\Tools\Binn\;C:\Program Files\Microsoft SQL Server\110\DTS\Binn\;C:\Program Files (x86)\Microsoft SQL Server\110\Tools\Binn\ManagementStudio\;C:\Program Files (x86)\Microsoft SQL Server\110\DTS\Binn\;<path-to-sdk>/platform-tools;C:\Program Files\nodejs\;C:\Users\Mitchell\AppData\Roaming\npm
USERNAME=Mitchell
OS=Windows_NT
PROCESSOR_IDENTIFIER=Intel64 Family 6 Model 60 Stepping 3, GenuineIntel



---------------  S Y S T E M  ---------------

OS: Windows 8.1 , 64 bit Build 9600 (6.3.9600.17415)

CPU:total 8 (4 cores per cpu, 2 threads per core) family 6 model 60 stepping 3, cmov, cx8, fxsr, mmx, sse, sse2, sse3, ssse3, sse4.1, sse4.2, popcnt, avx, avx2, aes, clmul, erms, lzcnt, ht, tsc, tscinvbit, bmi1, bmi2

Memory: 4k page, physical 8302956k(902636k free), swap 13422956k(5124k free)

vm_info: Java HotSpot(TM) 64-Bit Server VM (25.45-b02) for windows-amd64 JRE (1.8.0_45-b14), built on Apr 10 2015 10:34:15 by "java_re" with MS VC++ 10.0 (VS2010)

time: Mon Nov 23 20:13:24 2015
elapsed time: 3 seconds (0d 0h 0m 3s)

