#
# There is insufficient memory for the Java Runtime Environment to continue.
# Native memory allocation (malloc) failed to allocate 32744 bytes for ChunkPool::allocate
# Possible reasons:
#   The system is out of physical RAM or swap space
#   In 32 bit mode, the process size limit was hit
# Possible solutions:
#   Reduce memory load on the system
#   Increase physical memory or swap space
#   Check if swap backing store is full
#   Use 64 bit Java on a 64 bit OS
#   Decrease Java heap size (-Xmx/-Xms)
#   Decrease number of Java threads
#   Decrease Java thread stack sizes (-Xss)
#   Set larger code cache with -XX:ReservedCodeCacheSize=
# This output file may be truncated or incomplete.
#
#  Out of Memory Error (allocation.cpp:273), pid=13048, tid=9312
#
# JRE version: Java(TM) SE Runtime Environment (8.0_45-b14) (build 1.8.0_45-b14)
# Java VM: Java HotSpot(TM) 64-Bit Server VM (25.45-b02 mixed mode windows-amd64 compressed oops)
# Failed to write core dump. Minidumps are not enabled by default on client versions of Windows
#

---------------  T H R E A D  ---------------

Current thread (0x0000000016d81000):  JavaThread "C2 CompilerThread2" daemon [_thread_in_native, id=9312, stack(0x0000000017550000,0x0000000017650000)]

Stack: [0x0000000017550000,0x0000000017650000]
Native frames: (J=compiled Java code, j=interpreted, Vv=VM code, C=native code)
V  [jvm.dll+0x32b57a]


Current CompileTask:
C2:   2979 1220   !   4       com.android.dx.cf.code.BytecodeArray::parseInstruction (2764 bytes)


---------------  P R O C E S S  ---------------

Java Threads: ( => current thread )
  0x000000001706e000 JavaThread "pool-1-thread-4" [_thread_in_vm, id=8880, stack(0x0000000017d50000,0x0000000017e50000)]
  0x0000000017057000 JavaThread "pool-1-thread-3" [_thread_blocked, id=4692, stack(0x0000000017c50000,0x0000000017d50000)]
  0x000000001705d000 JavaThread "pool-1-thread-2" [_thread_blocked, id=13244, stack(0x0000000017b50000,0x0000000017c50000)]
  0x0000000017043800 JavaThread "pool-2-thread-1" [_thread_blocked, id=11416, stack(0x0000000017a50000,0x0000000017b50000)]
  0x0000000017032800 JavaThread "pool-1-thread-1" [_thread_in_vm, id=6956, stack(0x0000000017950000,0x0000000017a50000)]
  0x0000000016df6800 JavaThread "Service Thread" daemon [_thread_blocked, id=12624, stack(0x0000000017750000,0x0000000017850000)]
  0x0000000016ded000 JavaThread "C1 CompilerThread3" daemon [_thread_blocked, id=1956, stack(0x0000000017650000,0x0000000017750000)]
=>0x0000000016d81000 JavaThread "C2 CompilerThread2" daemon [_thread_in_native, id=9312, stack(0x0000000017550000,0x0000000017650000)]
  0x0000000016d7e800 JavaThread "C2 CompilerThread1" daemon [_thread_blocked, id=10736, stack(0x0000000017450000,0x0000000017550000)]
  0x0000000016d77000 JavaThread "C2 CompilerThread0" daemon [_thread_blocked, id=12800, stack(0x0000000017350000,0x0000000017450000)]
  0x0000000016d75800 JavaThread "Attach Listener" daemon [_thread_blocked, id=384, stack(0x0000000017250000,0x0000000017350000)]
  0x0000000016d74800 JavaThread "Signal Dispatcher" daemon [_thread_blocked, id=9052, stack(0x0000000017150000,0x0000000017250000)]
  0x0000000002259800 JavaThread "Finalizer" daemon [_thread_blocked, id=12120, stack(0x0000000016c50000,0x0000000016d50000)]
  0x0000000014d7d800 JavaThread "Reference Handler" daemon [_thread_blocked, id=6484, stack(0x0000000016b50000,0x0000000016c50000)]
  0x000000000092d800 JavaThread "main" [_thread_in_vm, id=5572, stack(0x0000000002060000,0x0000000002160000)]

Other Threads:
  0x0000000014d79000 VMThread [stack: 0x0000000016a50000,0x0000000016b50000] [id=12676]
  0x0000000016df9800 WatcherThread [stack: 0x0000000017850000,0x0000000017950000] [id=2844]

VM state:synchronizing (normal execution)

VM Mutex/Monitor currently owned by a thread:  ([mutex/lock_event])
[0x000000000092c8d0] Threads_lock - owner thread: 0x0000000014d79000
[0x00000000021603d0] CompiledIC_lock - owner thread: 0x0000000017057000

Heap:
 PSYoungGen      total 38400K, used 33280K [0x00000000eab00000, 0x00000000ed580000, 0x0000000100000000)
  eden space 33280K, 100% used [0x00000000eab00000,0x00000000ecb80000,0x00000000ecb80000)
  from space 5120K, 0% used [0x00000000ed080000,0x00000000ed080000,0x00000000ed580000)
  to   space 5120K, 0% used [0x00000000ecb80000,0x00000000ecb80000,0x00000000ed080000)
 ParOldGen       total 87552K, used 0K [0x00000000c0000000, 0x00000000c5580000, 0x00000000eab00000)
  object space 87552K, 0% used [0x00000000c0000000,0x00000000c0000000,0x00000000c5580000)
 Metaspace       used 5879K, capacity 6960K, committed 7040K, reserved 1056768K
  class space    used 584K, capacity 616K, committed 640K, reserved 1048576K

Card table byte_map: [0x0000000011620000,0x0000000011830000] byte_map_base: 0x0000000011020000

Marking Bits: (ParMarkBitMap*) 0x00000000584c4040
 Begin Bits: [0x0000000012190000, 0x0000000013190000)
 End Bits:   [0x0000000013190000, 0x0000000014190000)

Polling page: 0x00000000006e0000

CodeCache: size=245760Kb used=5222Kb max_used=5237Kb free=240537Kb
 bounds [0x0000000002260000, 0x0000000002790000, 0x0000000011260000]
 total_blobs=1579 nmethods=1310 adapters=182
 compilation: enabled

Compilation events (10 events):
Event: 2.866 Thread 0x0000000016ded000 nmethod 1312 0x0000000002777590 code [0x00000000027776e0, 0x0000000002777850]
Event: 2.866 Thread 0x0000000016ded000 1302       3       com.android.dx.rop.code.DexTranslationAdvice::hasConstantOperation (163 bytes)
Event: 2.867 Thread 0x0000000016ded000 nmethod 1302 0x00000000027778d0 code [0x0000000002777b20, 0x00000000027793b8]
Event: 2.867 Thread 0x0000000016ded000 1307       1       java.util.HashMap$Node::getValue (5 bytes)
Event: 2.867 Thread 0x0000000016ded000 nmethod 1307 0x00000000027798d0 code [0x0000000002779a20, 0x0000000002779b30]
Event: 2.874 Thread 0x0000000016d7e800 nmethod 1268 0x000000000277dd50 code [0x000000000277df40, 0x000000000277f4b8]
Event: 2.874 Thread 0x0000000016d7e800 1286       4       com.android.dx.rop.code.RegisterSpecSet::mutableCopy (57 bytes)
Event: 2.877 Thread 0x0000000016ded000 1320       3       com.android.dx.ssa.PhiTypeResolver::equalsHandlesNulls (23 bytes)
Event: 2.878 Thread 0x0000000016ded000 nmethod 1320 0x000000000277d650 code [0x000000000277d7e0, 0x000000000277dc28]
Event: 2.878 Thread 0x0000000016ded000 1321       3       com.android.dx.dex.file.StringIdsSection::intern (13 bytes)

GC Heap History (0 events):
No events

Deoptimization events (5 events):
Event: 2.525 Thread 0x000000000092d800 Uncommon trap: reason=null_check action=make_not_entrant pc=0x00000000025879a4 method=com.android.dx.rop.type.Type.equals(Ljava/lang/Object;)Z @ 8
Event: 2.557 Thread 0x0000000017057000 Uncommon trap: reason=unstable_if action=reinterpret pc=0x0000000002618cf8 method=com.android.dx.rop.cst.CstLiteral32.equals(Ljava/lang/Object;)Z @ 12
Event: 2.558 Thread 0x0000000017057000 Uncommon trap: reason=unstable_if action=reinterpret pc=0x0000000002585c2c method=com.android.dx.rop.code.RegisterSpecSet.put(Lcom/android/dx/rop/code/RegisterSpec;)V @ 77
Event: 2.558 Thread 0x0000000017057000 Uncommon trap: reason=unstable_if action=reinterpret pc=0x0000000002593f6c method=com.android.dx.rop.code.RegisterSpecSet.put(Lcom/android/dx/rop/code/RegisterSpec;)V @ 77
Event: 2.836 Thread 0x000000000092d800 Uncommon trap: reason=unstable_if action=reinterpret pc=0x00000000025d7c28 method=com.android.dx.util.IntList.binarysearch(I)I @ 105

Internal exceptions (3 events):
Event: 0.062 Thread 0x000000000092d800 Exception <a 'java/lang/NoSuchMethodError': Method sun.misc.Unsafe.defineClass(Ljava/lang/String;[BII)Ljava/lang/Class; name or signature does not match> (0x00000000eab0d7f0) thrown at [C:\re\workspace\8-2-build-windows-amd64-cygwin\jdk8u45\3457\hotspot\srx›È¹ä¯?
Event: 0.062 Thread 0x000000000092d800 Exception <a 'java/lang/NoSuchMethodError': Method sun.misc.Unsafe.prefetchRead(Ljava/lang/Object;J)V name or signature does not match> (0x00000000eab0da80) thrown at [C:\re\workspace\8-2-build-windows-amd64-cygwin\jdk8u45\3457\hotspot\src\share\vm\prims\j,Î#ÒJ3@
Event: 2.525 Thread 0x000000000092d800 Implicit null exception at 0x00000000025878a2 to 0x0000000002587995

Events (10 events):
Event: 2.558 Thread 0x0000000017057000 DEOPT UNPACKING pc=0x00000000022a582a sp=0x0000000017d4e808 mode 2
Event: 2.558 Thread 0x0000000017057000 Uncommon trap: trap_request=0xffffff65 fr.pc=0x0000000002593f6c
Event: 2.558 Thread 0x0000000017057000 DEOPT PACKING pc=0x0000000002593f6c sp=0x0000000017d4e870
Event: 2.558 Thread 0x0000000017057000 DEOPT UNPACKING pc=0x00000000022a582a sp=0x0000000017d4e790 mode 2
Event: 2.836 Thread 0x000000000092d800 Uncommon trap: trap_request=0xffffff65 fr.pc=0x00000000025d7c28
Event: 2.836 Thread 0x000000000092d800 DEOPT PACKING pc=0x00000000025d7c28 sp=0x000000000215e250
Event: 2.836 Thread 0x000000000092d800 DEOPT UNPACKING pc=0x00000000022a582a sp=0x000000000215e1c8 mode 2
Event: 2.854 loading class com/android/dx/cf/attrib/AttRuntimeInvisibleAnnotations
Event: 2.854 loading class com/android/dx/cf/attrib/AttRuntimeInvisibleAnnotations done
Event: 2.878 Executing VM operation: ForceSafepoint


Dynamic libraries:
0x00007ff7e2390000 - 0x00007ff7e23c7000 	C:\Program Files\Java\jdk1.8.0_45\bin\java.exe
0x00007ffc099e0000 - 0x00007ffc09b8c000 	C:\WINDOWS\SYSTEM32\ntdll.dll
0x00007ffc096f0000 - 0x00007ffc0982e000 	C:\WINDOWS\system32\KERNEL32.DLL
0x00007ffc06f40000 - 0x00007ffc07055000 	C:\WINDOWS\system32\KERNELBASE.dll
0x00007ffc04c10000 - 0x00007ffc04c9e000 	C:\WINDOWS\system32\apphelp.dll
0x00007ffbf0410000 - 0x00007ffbf0463000 	C:\WINDOWS\AppPatch\AppPatch64\AcGenral.DLL
0x00007ffc08af0000 - 0x00007ffc08b9a000 	C:\WINDOWS\system32\msvcrt.dll
0x00007ffc06900000 - 0x00007ffc0692e000 	C:\WINDOWS\SYSTEM32\SspiCli.dll
0x00007ffc09210000 - 0x00007ffc09264000 	C:\WINDOWS\system32\SHLWAPI.dll
0x00007ffc09270000 - 0x00007ffc093e7000 	C:\WINDOWS\system32\USER32.dll
0x00007ffc093f0000 - 0x00007ffc09584000 	C:\WINDOWS\system32\ole32.dll
0x00007ffc070c0000 - 0x00007ffc085eb000 	C:\WINDOWS\system32\SHELL32.dll
0x00007ffc05c90000 - 0x00007ffc05cb1000 	C:\WINDOWS\SYSTEM32\USERENV.dll
0x00007ffc08a40000 - 0x00007ffc08aea000 	C:\WINDOWS\system32\ADVAPI32.dll
0x00007ffbfdcb0000 - 0x00007ffbfdcce000 	C:\WINDOWS\SYSTEM32\MPR.dll
0x00007ffc095a0000 - 0x00007ffc096e1000 	C:\WINDOWS\system32\RPCRT4.dll
0x00007ffc07060000 - 0x00007ffc070b9000 	C:\WINDOWS\SYSTEM32\sechost.dll
0x00007ffc08ff0000 - 0x00007ffc09201000 	C:\WINDOWS\SYSTEM32\combase.dll
0x00007ffc08cc0000 - 0x00007ffc08e0f000 	C:\WINDOWS\system32\GDI32.dll
0x00007ffc06b30000 - 0x00007ffc06b45000 	C:\WINDOWS\SYSTEM32\profapi.dll
0x00007ffc06140000 - 0x00007ffc061f2000 	C:\WINDOWS\SYSTEM32\SHCORE.dll
0x00007ffc08ba0000 - 0x00007ffc08bd6000 	C:\WINDOWS\system32\IMM32.DLL
0x00007ffc088e0000 - 0x00007ffc08a32000 	C:\WINDOWS\system32\MSCTF.dll
0x00007ffc06570000 - 0x00007ffc067eb000 	C:\WINDOWS\WinSxS\amd64_microsoft.windows.common-controls_6595b64144ccf1df_6.0.9600.18006_none_623f33d3ecbe86e8\COMCTL32.dll
0x00000000557e0000 - 0x00000000558b2000 	C:\Program Files\Java\jdk1.8.0_45\jre\bin\msvcr100.dll
0x0000000057cc0000 - 0x0000000058543000 	C:\Program Files\Java\jdk1.8.0_45\jre\bin\server\jvm.dll
0x00007ffbf89a0000 - 0x00007ffbf89a9000 	C:\WINDOWS\SYSTEM32\WSOCK32.dll
0x00007ffc03860000 - 0x00007ffc03882000 	C:\WINDOWS\SYSTEM32\WINMM.dll
0x00007ffc052c0000 - 0x00007ffc052ca000 	C:\WINDOWS\SYSTEM32\VERSION.dll
0x00007ffc08bf0000 - 0x00007ffc08bf7000 	C:\WINDOWS\system32\PSAPI.DLL
0x00007ffc08650000 - 0x00007ffc086aa000 	C:\WINDOWS\system32\WS2_32.dll
0x00007ffc03220000 - 0x00007ffc0324a000 	C:\WINDOWS\SYSTEM32\WINMMBASE.dll
0x00007ffc08860000 - 0x00007ffc08869000 	C:\WINDOWS\system32\NSI.dll
0x00007ffc06d10000 - 0x00007ffc06d5f000 	C:\WINDOWS\SYSTEM32\cfgmgr32.dll
0x00007ffc04e60000 - 0x00007ffc04e88000 	C:\WINDOWS\SYSTEM32\DEVOBJ.dll
0x00000000587f0000 - 0x00000000587ff000 	C:\Program Files\Java\jdk1.8.0_45\jre\bin\verify.dll
0x00000000587c0000 - 0x00000000587e9000 	C:\Program Files\Java\jdk1.8.0_45\jre\bin\java.dll
0x00000000587a0000 - 0x00000000587b6000 	C:\Program Files\Java\jdk1.8.0_45\jre\bin\zip.dll

VM Arguments:
jvm_args: -Xmx1024M -Dfile.encoding=windows-1252 -Duser.country=NL -Duser.language=nl -Duser.variant 
java_command: com.android.dx.command.Main --dex --num-threads=4 --output C:\Users\Mitchell\Bureaublad\NavigationDrawer\app\build\intermediates\pre-dexed\debug\classes-6b28745a0b128144e6c2fbfd13001bf1b5785846.jar C:\Users\Mitchell\Bureaublad\NavigationDrawer\app\build\intermediates\exploded-aar\com.android.support\support-v4\23.1.0\jars\classes.jar
java_class_path (initial): D:\AppData\Local\Android\Sdk\build-tools\23.0.1\lib\dx.jar
Launcher Type: SUN_STANDARD

Environment Variables:
PATH=C:\ProgramData\Oracle\Java\javapath;C:\WINDOWS\SYSTEM32;C:\WINDOWS;C:\WINDOWS\SYSTEM32\WBEM;C:\WINDOWS\SYSTEM32\WINDOWSPOWERSHELL\V1.0\;C:\PROGRAM FILES\MICROSOFT SQL SERVER\110\TOOLS\BINN\;C:\PROGRAM FILES (X86)\MICROSOFT ASP.NET\ASP.NET WEB PAGES\V1.0\;C:\PROGRAM FILES (X86)\WINDOWS KITS\8.1\WINDOWS PERFORMANCE TOOLKIT\;C:\Program Files\Lenovo\Bluetooth Software\;C:\Program Files\Lenovo\Bluetooth Software\syswow64;C:\Program Files (x86)\AMD\ATI.ACE\Core-Static;C:\Program Files (x86)\Microsoft SDKs\TypeScript\1.0\;C:\Program Files\Samsung\AllShare Framework DMS\1.3.23\;C:\Program Files\Samsung\AllShare Framework DMS\1.3.23\64bit\;C:\Program Files (x86)\GtkSharp\2.12\bin;C:\Program Files\Microsoft\Web Platform Installer\;C:\Program Files (x86)\Microsoft SQL Server\100\Tools\Binn\;C:\Program Files\Microsoft SQL Server\100\Tools\Binn\;C:\Program Files\Microsoft SQL Server\100\DTS\Binn\;C:\Program Files (x86)\Microsoft SQL Server\110\Tools\Binn\;C:\Program Files\Microsoft SQL Server\110\DTS\Binn\;C:\Program Files (x86)\Microsoft SQL Server\110\Tools\Binn\ManagementStudio\;C:\Program Files (x86)\Microsoft SQL Server\110\DTS\Binn\;<path-to-sdk>/platform-tools;C:\Program Files\nodejs\;C:\Users\Mitchell\AppData\Roaming\npm
USERNAME=Mitchell
OS=Windows_NT
PROCESSOR_IDENTIFIER=Intel64 Family 6 Model 60 Stepping 3, GenuineIntel



---------------  S Y S T E M  ---------------

OS: Windows 8.1 , 64 bit Build 9600 (6.3.9600.17415)

CPU:total 8 (4 cores per cpu, 2 threads per core) family 6 model 60 stepping 3, cmov, cx8, fxsr, mmx, sse, sse2, sse3, ssse3, sse4.1, sse4.2, popcnt, avx, avx2, aes, clmul, erms, lzcnt, ht, tsc, tscinvbit, bmi1, bmi2

Memory: 4k page, physical 8302956k(916968k free), swap 13422956k(5176k free)

vm_info: Java HotSpot(TM) 64-Bit Server VM (25.45-b02) for windows-amd64 JRE (1.8.0_45-b14), built on Apr 10 2015 10:34:15 by "java_re" with MS VC++ 10.0 (VS2010)

time: Mon Nov 23 20:13:24 2015
elapsed time: 2 seconds (0d 0h 0m 2s)

