#
# There is insufficient memory for the Java Runtime Environment to continue.
# Native memory allocation (malloc) failed to allocate 720256 bytes for Chunk::new
# Possible reasons:
#   The system is out of physical RAM or swap space
#   In 32 bit mode, the process size limit was hit
# Possible solutions:
#   Reduce memory load on the system
#   Increase physical memory or swap space
#   Check if swap backing store is full
#   Use 64 bit Java on a 64 bit OS
#   Decrease Java heap size (-Xmx/-Xms)
#   Decrease number of Java threads
#   Decrease Java thread stack sizes (-Xss)
#   Set larger code cache with -XX:ReservedCodeCacheSize=
# This output file may be truncated or incomplete.
#
#  Out of Memory Error (allocation.cpp:390), pid=10044, tid=11612
#
# JRE version: Java(TM) SE Runtime Environment (8.0_45-b14) (build 1.8.0_45-b14)
# Java VM: Java HotSpot(TM) 64-Bit Server VM (25.45-b02 mixed mode windows-amd64 compressed oops)
# Failed to write core dump. Minidumps are not enabled by default on client versions of Windows
#

---------------  T H R E A D  ---------------

Current thread (0x0000000016f9c800):  JavaThread "C2 CompilerThread1" daemon [_thread_in_native, id=11612, stack(0x0000000017670000,0x0000000017770000)]

Stack: [0x0000000017670000,0x0000000017770000]
Native frames: (J=compiled Java code, j=interpreted, Vv=VM code, C=native code)
V  [jvm.dll+0x32b57a]


Current CompileTask:
C2:   3102 1011       4       com.android.dx.ssa.SCCP::simulatePhi (169 bytes)


---------------  P R O C E S S  ---------------

Java Threads: ( => current thread )
  0x000000001725d800 JavaThread "pool-1-thread-4" [_thread_in_Java, id=11876, stack(0x0000000017f70000,0x0000000018070000)]
  0x0000000017258800 JavaThread "pool-1-thread-3" [_thread_blocked, id=12632, stack(0x0000000017e70000,0x0000000017f70000)]
  0x0000000017256000 JavaThread "pool-1-thread-2" [_thread_in_Java, id=11816, stack(0x0000000017d70000,0x0000000017e70000)]
  0x0000000017251000 JavaThread "pool-2-thread-1" [_thread_blocked, id=12160, stack(0x0000000017c70000,0x0000000017d70000)]
  0x000000001724c000 JavaThread "pool-1-thread-1" [_thread_in_Java, id=12656, stack(0x0000000017b70000,0x0000000017c70000)]
  0x000000001700d800 JavaThread "Service Thread" daemon [_thread_blocked, id=10048, stack(0x0000000017970000,0x0000000017a70000)]
  0x0000000016ff1000 JavaThread "C1 CompilerThread3" daemon [_thread_blocked, id=11256, stack(0x0000000017870000,0x0000000017970000)]
  0x0000000016fee000 JavaThread "C2 CompilerThread2" daemon [_thread_blocked, id=6812, stack(0x0000000017770000,0x0000000017870000)]
=>0x0000000016f9c800 JavaThread "C2 CompilerThread1" daemon [_thread_in_native, id=11612, stack(0x0000000017670000,0x0000000017770000)]
  0x0000000016f96800 JavaThread "C2 CompilerThread0" daemon [_thread_blocked, id=6784, stack(0x0000000017570000,0x0000000017670000)]
  0x0000000016f95800 JavaThread "Attach Listener" daemon [_thread_blocked, id=4240, stack(0x0000000017470000,0x0000000017570000)]
  0x0000000016f94800 JavaThread "Signal Dispatcher" daemon [_thread_blocked, id=11404, stack(0x0000000017370000,0x0000000017470000)]
  0x0000000002459000 JavaThread "Finalizer" daemon [_thread_blocked, id=11880, stack(0x0000000016e70000,0x0000000016f70000)]
  0x0000000014f7d800 JavaThread "Reference Handler" daemon [_thread_blocked, id=4660, stack(0x0000000016d70000,0x0000000016e70000)]
  0x00000000009fd800 JavaThread "main" [_thread_in_Java, id=11196, stack(0x00000000021d0000,0x00000000022d0000)]

Other Threads:
  0x0000000014f78800 VMThread [stack: 0x0000000016c70000,0x0000000016d70000] [id=6984]
  0x000000001700e800 WatcherThread [stack: 0x0000000017a70000,0x0000000017b70000] [id=11764]

VM state:not at safepoint (normal execution)

VM Mutex/Monitor currently owned by a thread: None

Heap:
 PSYoungGen      total 38400K, used 22668K [0x00000000eab00000, 0x00000000ed580000, 0x0000000100000000)
  eden space 33280K, 68% used [0x00000000eab00000,0x00000000ec1231b8,0x00000000ecb80000)
  from space 5120K, 0% used [0x00000000ed080000,0x00000000ed080000,0x00000000ed580000)
  to   space 5120K, 0% used [0x00000000ecb80000,0x00000000ecb80000,0x00000000ed080000)
 ParOldGen       total 87552K, used 0K [0x00000000c0000000, 0x00000000c5580000, 0x00000000eab00000)
  object space 87552K, 0% used [0x00000000c0000000,0x00000000c0000000,0x00000000c5580000)
 Metaspace       used 5699K, capacity 6768K, committed 7040K, reserved 1056768K
  class space    used 579K, capacity 616K, committed 640K, reserved 1048576K

Card table byte_map: [0x0000000011820000,0x0000000011a30000] byte_map_base: 0x0000000011220000

Marking Bits: (ParMarkBitMap*) 0x00000000584c4040
 Begin Bits: [0x0000000012390000, 0x0000000013390000)
 End Bits:   [0x0000000013390000, 0x0000000014390000)

Polling page: 0x00000000009c0000

CodeCache: size=245760Kb used=4132Kb max_used=4144Kb free=241627Kb
 bounds [0x0000000002460000, 0x0000000002880000, 0x0000000011460000]
 total_blobs=1315 nmethods=1046 adapters=182
 compilation: enabled

Compilation events (10 events):
Event: 3.064 Thread 0x0000000016ff1000 1043       3       com.android.dx.rop.code.PlainCstInsn::<init> (30 bytes)
Event: 3.064 Thread 0x0000000016ff1000 nmethod 1043 0x0000000002868450 code [0x0000000002868600, 0x0000000002868ac8]
Event: 3.064 Thread 0x0000000016ff1000 1044       3       com.android.dx.ssa.MoveParamCombiner$1::visitPhiInsn (1 bytes)
Event: 3.064 Thread 0x0000000016ff1000 nmethod 1044 0x0000000002868110 code [0x0000000002868260, 0x00000000028683b0]
Event: 3.064 Thread 0x0000000016ff1000 1045       3       com.android.dx.ssa.SsaMethod$2::visitPhiInsn (6 bytes)
Event: 3.064 Thread 0x0000000016ff1000 nmethod 1045 0x0000000002867d90 code [0x0000000002867f00, 0x0000000002868088]
Event: 3.064 Thread 0x0000000016ff1000 1046       3       com.android.dx.ssa.SsaMethod$1::visitPhiInsn (17 bytes)
Event: 3.065 Thread 0x0000000016ff1000 nmethod 1046 0x000000000286cad0 code [0x000000000286cc40, 0x000000000286d030]
Event: 3.065 Thread 0x0000000016f96800 1047       4       java.util.Collections$UnmodifiableCollection$1::next (10 bytes)
Event: 3.066 Thread 0x0000000016f96800 nmethod 1047 0x000000000286c550 code [0x000000000286c6c0, 0x000000000286c848]

GC Heap History (0 events):
No events

Deoptimization events (9 events):
Event: 2.574 Thread 0x000000001724c000 Uncommon trap: reason=unstable_if action=reinterpret pc=0x0000000002681bac method=java.util.HashMap.getNode(ILjava/lang/Object;)Ljava/util/HashMap$Node; @ 129
Event: 2.576 Thread 0x000000001724c000 Uncommon trap: reason=unstable_if action=reinterpret pc=0x00000000026856b0 method=java.util.BitSet.nextSetBit(I)I @ 87
Event: 2.671 Thread 0x00000000009fd800 Uncommon trap: reason=class_check action=maybe_recompile pc=0x00000000026edcb0 method=com.android.dx.ssa.NormalSsaInsn.accept(Lcom/android/dx/ssa/SsaInsn$Visitor;)V @ 9
Event: 2.672 Thread 0x00000000009fd800 Uncommon trap: reason=class_check action=maybe_recompile pc=0x00000000026edcb0 method=com.android.dx.ssa.NormalSsaInsn.accept(Lcom/android/dx/ssa/SsaInsn$Visitor;)V @ 9
Event: 2.684 Thread 0x00000000009fd800 Uncommon trap: reason=class_check action=maybe_recompile pc=0x00000000026edcb0 method=com.android.dx.ssa.NormalSsaInsn.accept(Lcom/android/dx/ssa/SsaInsn$Visitor;)V @ 9
Event: 2.686 Thread 0x00000000009fd800 Uncommon trap: reason=class_check action=maybe_recompile pc=0x00000000026edcb0 method=com.android.dx.ssa.NormalSsaInsn.accept(Lcom/android/dx/ssa/SsaInsn$Visitor;)V @ 9
Event: 2.911 Thread 0x000000001724c000 Uncommon trap: reason=unstable_if action=reinterpret pc=0x00000000026a006c method=java.util.HashMap.getNode(ILjava/lang/Object;)Ljava/util/HashMap$Node; @ 62
Event: 3.029 Thread 0x00000000009fd800 Uncommon trap: reason=null_check action=make_not_entrant pc=0x00000000027e17b8 method=com.android.dx.ssa.SsaRenamer.getLocalForNewReg(I)Lcom/android/dx/rop/code/LocalItem; @ 19
Event: 3.030 Thread 0x0000000017258800 Uncommon trap: reason=unstable_if action=reinterpret pc=0x00000000027c42f8 method=com.android.dx.rop.code.RegisterSpec.equals(ILcom/android/dx/rop/type/TypeBearer;Lcom/android/dx/rop/code/LocalItem;)Z @ 42

Internal exceptions (3 events):
Event: 0.035 Thread 0x00000000009fd800 Exception <a 'java/lang/NoSuchMethodError': Method sun.misc.Unsafe.defineClass(Ljava/lang/String;[BII)Ljava/lang/Class; name or signature does not match> (0x00000000eab0d7f0) thrown at [C:\re\workspace\8-2-build-windows-amd64-cygwin\jdk8u45\3457\hotspot\srk€Ç¢?
Event: 0.035 Thread 0x00000000009fd800 Exception <a 'java/lang/NoSuchMethodError': Method sun.misc.Unsafe.prefetchRead(Ljava/lang/Object;J)V name or signature does not match> (0x00000000eab0da80) thrown at [C:\re\workspace\8-2-build-windows-amd64-cygwin\jdk8u45\3457\hotspot\src\share\vm\prims\jM=)t9@
Event: 3.028 Thread 0x00000000009fd800 Implicit null exception at 0x00000000027de731 to 0x00000000027e1775

Events (10 events):
Event: 2.870 Executing VM operation: ForceSafepoint done
Event: 2.911 Thread 0x000000001724c000 Uncommon trap: trap_request=0xffffff65 fr.pc=0x00000000026a006c
Event: 2.911 Thread 0x000000001724c000 DEOPT PACKING pc=0x00000000026a006c sp=0x0000000017c6ec20
Event: 2.911 Thread 0x000000001724c000 DEOPT UNPACKING pc=0x00000000024a582a sp=0x0000000017c6eb40 mode 2
Event: 3.028 Thread 0x00000000009fd800 Uncommon trap: trap_request=0xfffffff4 fr.pc=0x00000000027e17b8
Event: 3.029 Thread 0x00000000009fd800 DEOPT PACKING pc=0x00000000027e17b8 sp=0x00000000022ce420
Event: 3.029 Thread 0x00000000009fd800 DEOPT UNPACKING pc=0x00000000024a582a sp=0x00000000022ce278 mode 2
Event: 3.030 Thread 0x0000000017258800 Uncommon trap: trap_request=0xffffff65 fr.pc=0x00000000027c42f8
Event: 3.030 Thread 0x0000000017258800 DEOPT PACKING pc=0x00000000027c42f8 sp=0x0000000017f6ec20
Event: 3.030 Thread 0x0000000017258800 DEOPT UNPACKING pc=0x00000000024a582a sp=0x0000000017f6eba8 mode 2


Dynamic libraries:
0x00007ff7e2390000 - 0x00007ff7e23c7000 	C:\Program Files\Java\jdk1.8.0_45\bin\java.exe
0x00007ffc099e0000 - 0x00007ffc09b8c000 	C:\WINDOWS\SYSTEM32\ntdll.dll
0x00007ffc096f0000 - 0x00007ffc0982e000 	C:\WINDOWS\system32\KERNEL32.DLL
0x00007ffc06f40000 - 0x00007ffc07055000 	C:\WINDOWS\system32\KERNELBASE.dll
0x00007ffc04c10000 - 0x00007ffc04c9e000 	C:\WINDOWS\system32\apphelp.dll
0x00007ffbf0410000 - 0x00007ffbf0463000 	C:\WINDOWS\AppPatch\AppPatch64\AcGenral.DLL
0x00007ffc08af0000 - 0x00007ffc08b9a000 	C:\WINDOWS\system32\msvcrt.dll
0x00007ffc06900000 - 0x00007ffc0692e000 	C:\WINDOWS\SYSTEM32\SspiCli.dll
0x00007ffc09210000 - 0x00007ffc09264000 	C:\WINDOWS\system32\SHLWAPI.dll
0x00007ffc09270000 - 0x00007ffc093e7000 	C:\WINDOWS\system32\USER32.dll
0x00007ffc093f0000 - 0x00007ffc09584000 	C:\WINDOWS\system32\ole32.dll
0x00007ffc070c0000 - 0x00007ffc085eb000 	C:\WINDOWS\system32\SHELL32.dll
0x00007ffc05c90000 - 0x00007ffc05cb1000 	C:\WINDOWS\SYSTEM32\USERENV.dll
0x00007ffc08a40000 - 0x00007ffc08aea000 	C:\WINDOWS\system32\ADVAPI32.dll
0x00007ffbfdcb0000 - 0x00007ffbfdcce000 	C:\WINDOWS\SYSTEM32\MPR.dll
0x00007ffc095a0000 - 0x00007ffc096e1000 	C:\WINDOWS\system32\RPCRT4.dll
0x00007ffc07060000 - 0x00007ffc070b9000 	C:\WINDOWS\SYSTEM32\sechost.dll
0x00007ffc08ff0000 - 0x00007ffc09201000 	C:\WINDOWS\SYSTEM32\combase.dll
0x00007ffc08cc0000 - 0x00007ffc08e0f000 	C:\WINDOWS\system32\GDI32.dll
0x00007ffc06b30000 - 0x00007ffc06b45000 	C:\WINDOWS\SYSTEM32\profapi.dll
0x00007ffc06140000 - 0x00007ffc061f2000 	C:\WINDOWS\SYSTEM32\SHCORE.dll
0x00007ffc08ba0000 - 0x00007ffc08bd6000 	C:\WINDOWS\system32\IMM32.DLL
0x00007ffc088e0000 - 0x00007ffc08a32000 	C:\WINDOWS\system32\MSCTF.dll
0x00007ffc06570000 - 0x00007ffc067eb000 	C:\WINDOWS\WinSxS\amd64_microsoft.windows.common-controls_6595b64144ccf1df_6.0.9600.18006_none_623f33d3ecbe86e8\COMCTL32.dll
0x00000000557e0000 - 0x00000000558b2000 	C:\Program Files\Java\jdk1.8.0_45\jre\bin\msvcr100.dll
0x0000000057cc0000 - 0x0000000058543000 	C:\Program Files\Java\jdk1.8.0_45\jre\bin\server\jvm.dll
0x00007ffbf89a0000 - 0x00007ffbf89a9000 	C:\WINDOWS\SYSTEM32\WSOCK32.dll
0x00007ffc03860000 - 0x00007ffc03882000 	C:\WINDOWS\SYSTEM32\WINMM.dll
0x00007ffc052c0000 - 0x00007ffc052ca000 	C:\WINDOWS\SYSTEM32\VERSION.dll
0x00007ffc08bf0000 - 0x00007ffc08bf7000 	C:\WINDOWS\system32\PSAPI.DLL
0x00007ffc08650000 - 0x00007ffc086aa000 	C:\WINDOWS\system32\WS2_32.dll
0x00007ffc03220000 - 0x00007ffc0324a000 	C:\WINDOWS\SYSTEM32\WINMMBASE.dll
0x00007ffc08860000 - 0x00007ffc08869000 	C:\WINDOWS\system32\NSI.dll
0x00007ffc06d10000 - 0x00007ffc06d5f000 	C:\WINDOWS\SYSTEM32\cfgmgr32.dll
0x00007ffc04e60000 - 0x00007ffc04e88000 	C:\WINDOWS\SYSTEM32\DEVOBJ.dll
0x00000000587f0000 - 0x00000000587ff000 	C:\Program Files\Java\jdk1.8.0_45\jre\bin\verify.dll
0x00000000587c0000 - 0x00000000587e9000 	C:\Program Files\Java\jdk1.8.0_45\jre\bin\java.dll
0x00000000587a0000 - 0x00000000587b6000 	C:\Program Files\Java\jdk1.8.0_45\jre\bin\zip.dll
0x00007ffc052d0000 - 0x00007ffc05459000 	C:\WINDOWS\SYSTEM32\dbghelp.dll

VM Arguments:
jvm_args: -Xmx1024M -Dfile.encoding=windows-1252 -Duser.country=NL -Duser.language=nl -Duser.variant 
java_command: com.android.dx.command.Main --dex --num-threads=4 --output C:\Users\Mitchell\Bureaublad\NavigationDrawer\app\build\intermediates\pre-dexed\debug\huesdkresources-cc2b83e7e4f9bdbbada906c4a1a00d3ea766da56.jar C:\Users\Mitchell\Bureaublad\NavigationDrawer\app\libs\huesdkresources.jar
java_class_path (initial): D:\AppData\Local\Android\Sdk\build-tools\23.0.1\lib\dx.jar
Launcher Type: SUN_STANDARD

Environment Variables:
PATH=C:\ProgramData\Oracle\Java\javapath;C:\WINDOWS\SYSTEM32;C:\WINDOWS;C:\WINDOWS\SYSTEM32\WBEM;C:\WINDOWS\SYSTEM32\WINDOWSPOWERSHELL\V1.0\;C:\PROGRAM FILES\MICROSOFT SQL SERVER\110\TOOLS\BINN\;C:\PROGRAM FILES (X86)\MICROSOFT ASP.NET\ASP.NET WEB PAGES\V1.0\;C:\PROGRAM FILES (X86)\WINDOWS KITS\8.1\WINDOWS PERFORMANCE TOOLKIT\;C:\Program Files\Lenovo\Bluetooth Software\;C:\Program Files\Lenovo\Bluetooth Software\syswow64;C:\Program Files (x86)\AMD\ATI.ACE\Core-Static;C:\Program Files (x86)\Microsoft SDKs\TypeScript\1.0\;C:\Program Files\Samsung\AllShare Framework DMS\1.3.23\;C:\Program Files\Samsung\AllShare Framework DMS\1.3.23\64bit\;C:\Program Files (x86)\GtkSharp\2.12\bin;C:\Program Files\Microsoft\Web Platform Installer\;C:\Program Files (x86)\Microsoft SQL Server\100\Tools\Binn\;C:\Program Files\Microsoft SQL Server\100\Tools\Binn\;C:\Program Files\Microsoft SQL Server\100\DTS\Binn\;C:\Program Files (x86)\Microsoft SQL Server\110\Tools\Binn\;C:\Program Files\Microsoft SQL Server\110\DTS\Binn\;C:\Program Files (x86)\Microsoft SQL Server\110\Tools\Binn\ManagementStudio\;C:\Program Files (x86)\Microsoft SQL Server\110\DTS\Binn\;<path-to-sdk>/platform-tools;C:\Program Files\nodejs\;C:\Users\Mitchell\AppData\Roaming\npm
USERNAME=Mitchell
OS=Windows_NT
PROCESSOR_IDENTIFIER=Intel64 Family 6 Model 60 Stepping 3, GenuineIntel



---------------  S Y S T E M  ---------------

OS: Windows 8.1 , 64 bit Build 9600 (6.3.9600.17415)

CPU:total 8 (4 cores per cpu, 2 threads per core) family 6 model 60 stepping 3, cmov, cx8, fxsr, mmx, sse, sse2, sse3, ssse3, sse4.1, sse4.2, popcnt, avx, avx2, aes, clmul, erms, lzcnt, ht, tsc, tscinvbit, bmi1, bmi2

Memory: 4k page, physical 8302956k(903212k free), swap 13422956k(5132k free)

vm_info: Java HotSpot(TM) 64-Bit Server VM (25.45-b02) for windows-amd64 JRE (1.8.0_45-b14), built on Apr 10 2015 10:34:15 by "java_re" with MS VC++ 10.0 (VS2010)

time: Mon Nov 23 20:13:24 2015
elapsed time: 3 seconds (0d 0h 0m 3s)

