#
# There is insufficient memory for the Java Runtime Environment to continue.
# Native memory allocation (malloc) failed to allocate 545616 bytes for Chunk::new
# Possible reasons:
#   The system is out of physical RAM or swap space
#   In 32 bit mode, the process size limit was hit
# Possible solutions:
#   Reduce memory load on the system
#   Increase physical memory or swap space
#   Check if swap backing store is full
#   Use 64 bit Java on a 64 bit OS
#   Decrease Java heap size (-Xmx/-Xms)
#   Decrease number of Java threads
#   Decrease Java thread stack sizes (-Xss)
#   Set larger code cache with -XX:ReservedCodeCacheSize=
# This output file may be truncated or incomplete.
#
#  Out of Memory Error (allocation.cpp:390), pid=9164, tid=10868
#
# JRE version: Java(TM) SE Runtime Environment (8.0_45-b14) (build 1.8.0_45-b14)
# Java VM: Java HotSpot(TM) 64-Bit Server VM (25.45-b02 mixed mode windows-amd64 compressed oops)
# Failed to write core dump. Minidumps are not enabled by default on client versions of Windows
#

---------------  T H R E A D  ---------------

Current thread (0x0000000016c1c000):  JavaThread "C2 CompilerThread1" daemon [_thread_in_native, id=10868, stack(0x00000000172f0000,0x00000000173f0000)]

Stack: [0x00000000172f0000,0x00000000173f0000]
Native frames: (J=compiled Java code, j=interpreted, Vv=VM code, C=native code)
V  [jvm.dll+0x32b57a]


Current CompileTask:
C2:   3131 1327       4       com.android.dx.ssa.back.FirstFitLocalCombiningAllocator$1::processInsn (169 bytes)


---------------  P R O C E S S  ---------------

Java Threads: ( => current thread )
  0x0000000016ef7000 JavaThread "pool-1-thread-4" [_thread_blocked, id=11408, stack(0x0000000017bf0000,0x0000000017cf0000)]
  0x0000000016ef6000 JavaThread "pool-1-thread-3" [_thread_blocked, id=12984, stack(0x0000000017af0000,0x0000000017bf0000)]
  0x0000000016edd000 JavaThread "pool-1-thread-2" [_thread_blocked, id=2400, stack(0x00000000179f0000,0x0000000017af0000)]
  0x0000000016ed6000 JavaThread "pool-2-thread-1" [_thread_blocked, id=11432, stack(0x00000000178f0000,0x00000000179f0000)]
  0x0000000016ed0000 JavaThread "pool-1-thread-1" [_thread_blocked, id=6560, stack(0x00000000177f0000,0x00000000178f0000)]
  0x0000000016cad000 JavaThread "Service Thread" daemon [_thread_blocked, id=7300, stack(0x00000000175f0000,0x00000000176f0000)]
  0x0000000016c8f000 JavaThread "C1 CompilerThread3" daemon [_thread_blocked, id=11860, stack(0x00000000174f0000,0x00000000175f0000)]
  0x0000000016c70000 JavaThread "C2 CompilerThread2" daemon [_thread_blocked, id=2192, stack(0x00000000173f0000,0x00000000174f0000)]
=>0x0000000016c1c000 JavaThread "C2 CompilerThread1" daemon [_thread_in_native, id=10868, stack(0x00000000172f0000,0x00000000173f0000)]
  0x0000000016c18000 JavaThread "C2 CompilerThread0" daemon [_thread_blocked, id=11920, stack(0x00000000171f0000,0x00000000172f0000)]
  0x0000000016c16800 JavaThread "Attach Listener" daemon [_thread_blocked, id=10004, stack(0x00000000170f0000,0x00000000171f0000)]
  0x0000000016c14800 JavaThread "Signal Dispatcher" daemon [_thread_blocked, id=11728, stack(0x0000000016ff0000,0x00000000170f0000)]
  0x00000000020f5000 JavaThread "Finalizer" daemon [_thread_blocked, id=13216, stack(0x0000000016af0000,0x0000000016bf0000)]
  0x00000000020f4000 JavaThread "Reference Handler" daemon [_thread_blocked, id=7564, stack(0x00000000169f0000,0x0000000016af0000)]
  0x0000000001ffd800 JavaThread "main" [_thread_blocked, id=5412, stack(0x0000000001e50000,0x0000000001f50000)]

Other Threads:
  0x0000000014c19000 VMThread [stack: 0x00000000168f0000,0x00000000169f0000] [id=12084]
  0x0000000016c9d000 WatcherThread [stack: 0x00000000176f0000,0x00000000177f0000] [id=12560]

VM state:not at safepoint (normal execution)

VM Mutex/Monitor currently owned by a thread: None

Heap:
 PSYoungGen      total 71680K, used 6359K [0x00000000eab00000, 0x00000000ef600000, 0x0000000100000000)
  eden space 66560K, 1% used [0x00000000eab00000,0x00000000eac3d4d0,0x00000000eec00000)
  from space 5120K, 99% used [0x00000000ef100000,0x00000000ef5f89f0,0x00000000ef600000)
  to   space 5120K, 0% used [0x00000000eec00000,0x00000000eec00000,0x00000000ef100000)
 ParOldGen       total 87552K, used 4017K [0x00000000c0000000, 0x00000000c5580000, 0x00000000eab00000)
  object space 87552K, 4% used [0x00000000c0000000,0x00000000c03ec458,0x00000000c5580000)
 Metaspace       used 5831K, capacity 6960K, committed 7040K, reserved 1056768K
  class space    used 577K, capacity 616K, committed 640K, reserved 1048576K

Card table byte_map: [0x00000000114c0000,0x00000000116d0000] byte_map_base: 0x0000000010ec0000

Marking Bits: (ParMarkBitMap*) 0x00000000584c4040
 Begin Bits: [0x0000000012030000, 0x0000000013030000)
 End Bits:   [0x0000000013030000, 0x0000000014030000)

Polling page: 0x0000000000550000

CodeCache: size=245760Kb used=5268Kb max_used=5304Kb free=240491Kb
 bounds [0x0000000002100000, 0x0000000002640000, 0x0000000011100000]
 total_blobs=1606 nmethods=1337 adapters=182
 compilation: enabled

Compilation events (10 events):
Event: 3.099 Thread 0x0000000016c8f000 1373       2       java.util.TreeMap::rotateLeft (96 bytes)
Event: 3.099 Thread 0x0000000016c8f000 nmethod 1373 0x0000000002610210 code [0x0000000002610360, 0x00000000026105d0]
Event: 3.100 Thread 0x0000000016c8f000 1374       2       com.android.dx.util.LabeledList::rebuildLabelToIndex (46 bytes)
Event: 3.100 Thread 0x0000000016c8f000 nmethod 1374 0x000000000260fc10 code [0x000000000260fda0, 0x0000000002610048]
Event: 3.100 Thread 0x0000000016c8f000 1375       2       com.android.dx.dex.code.RopTranslator$1::visitPlainCstInsn (64 bytes)
Event: 3.100 Thread 0x0000000016c8f000 nmethod 1375 0x000000000260f690 code [0x000000000260f800, 0x000000000260fa30]
Event: 3.108 Thread 0x0000000016c1c000 nmethod 1188 0x000000000261f810 code [0x000000000261fda0, 0x0000000002626200]
Event: 3.109 Thread 0x0000000016c1c000 1339       4       java.util.Arrays::hashCode (56 bytes)
Event: 3.113 Thread 0x0000000016c1c000 nmethod 1339 0x000000000261d950 code [0x000000000261daa0, 0x000000000261dcd8]
Event: 3.113 Thread 0x0000000016c1c000 1327       4       com.android.dx.ssa.back.FirstFitLocalCombiningAllocator$1::processInsn (169 bytes)

GC Heap History (4 events):
Event: 0.651 GC heap before
{Heap before GC invocations=1 (full 0):
 PSYoungGen      total 38400K, used 33280K [0x00000000eab00000, 0x00000000ed580000, 0x0000000100000000)
  eden space 33280K, 100% used [0x00000000eab00000,0x00000000ecb80000,0x00000000ecb80000)
  from space 5120K, 0% used [0x00000000ed080000,0x00000000ed080000,0x00000000ed580000)
  to   space 5120K, 0% used [0x00000000ecb80000,0x00000000ecb80000,0x00000000ed080000)
 ParOldGen       total 87552K, used 0K [0x00000000c0000000, 0x00000000c5580000, 0x00000000eab00000)
  object space 87552K, 0% used [0x00000000c0000000,0x00000000c0000000,0x00000000c5580000)
 Metaspace       used 5645K, capacity 6768K, committed 7040K, reserved 1056768K
  class space    used 577K, capacity 616K, committed 640K, reserved 1048576K
Event: 0.996 GC heap after
Heap after GC invocations=1 (full 0):
 PSYoungGen      total 38400K, used 5114K [0x00000000eab00000, 0x00000000ef600000, 0x0000000100000000)
  eden space 33280K, 0% used [0x00000000eab00000,0x00000000eab00000,0x00000000ecb80000)
  from space 5120K, 99% used [0x00000000ecb80000,0x00000000ed07eab0,0x00000000ed080000)
  to   space 5120K, 0% used [0x00000000ef100000,0x00000000ef100000,0x00000000ef600000)
 ParOldGen       total 87552K, used 1865K [0x00000000c0000000, 0x00000000c5580000, 0x00000000eab00000)
  object space 87552K, 2% used [0x00000000c0000000,0x00000000c01d27d0,0x00000000c5580000)
 Metaspace       used 5645K, capacity 6768K, committed 7040K, reserved 1056768K
  class space    used 577K, capacity 616K, committed 640K, reserved 1048576K
}
Event: 2.746 GC heap before
{Heap before GC invocations=2 (full 0):
 PSYoungGen      total 38400K, used 38394K [0x00000000eab00000, 0x00000000ef600000, 0x0000000100000000)
  eden space 33280K, 100% used [0x00000000eab00000,0x00000000ecb80000,0x00000000ecb80000)
  from space 5120K, 99% used [0x00000000ecb80000,0x00000000ed07eab0,0x00000000ed080000)
  to   space 5120K, 0% used [0x00000000ef100000,0x00000000ef100000,0x00000000ef600000)
 ParOldGen       total 87552K, used 1865K [0x00000000c0000000, 0x00000000c5580000, 0x00000000eab00000)
  object space 87552K, 2% used [0x00000000c0000000,0x00000000c01d27d0,0x00000000c5580000)
 Metaspace       used 5830K, capacity 6960K, committed 7040K, reserved 1056768K
  class space    used 577K, capacity 616K, committed 640K, reserved 1048576K
Event: 3.060 GC heap after
Heap after GC invocations=2 (full 0):
 PSYoungGen      total 71680K, used 5090K [0x00000000eab00000, 0x00000000ef600000, 0x0000000100000000)
  eden space 66560K, 0% used [0x00000000eab00000,0x00000000eab00000,0x00000000eec00000)
  from space 5120K, 99% used [0x00000000ef100000,0x00000000ef5f89f0,0x00000000ef600000)
  to   space 5120K, 0% used [0x00000000eec00000,0x00000000eec00000,0x00000000ef100000)
 ParOldGen       total 87552K, used 4017K [0x00000000c0000000, 0x00000000c5580000, 0x00000000eab00000)
  object space 87552K, 4% used [0x00000000c0000000,0x00000000c03ec458,0x00000000c5580000)
 Metaspace       used 5830K, capacity 6960K, committed 7040K, reserved 1056768K
  class space    used 577K, capacity 616K, committed 640K, reserved 1048576K
}

Deoptimization events (5 events):
Event: 0.393 Thread 0x0000000016edd000 Uncommon trap: reason=unstable_if action=reinterpret pc=0x00000000022fb474 method=java.util.HashMap.getNode(ILjava/lang/Object;)Ljava/util/HashMap$Node; @ 62
Event: 0.435 Thread 0x0000000016ed0000 Uncommon trap: reason=class_check action=maybe_recompile pc=0x000000000232eef0 method=com.android.dx.ssa.NormalSsaInsn.accept(Lcom/android/dx/ssa/SsaInsn$Visitor;)V @ 9
Event: 1.226 Thread 0x0000000016ef6000 Uncommon trap: reason=unstable_if action=reinterpret pc=0x00000000024c86a0 method=com.android.dx.ssa.SsaRenamer$BlockRenamer.addMapping(ILcom/android/dx/rop/code/RegisterSpec;)V @ 120
Event: 1.227 Thread 0x0000000016ef6000 Uncommon trap: reason=unstable_if action=reinterpret pc=0x000000000238fe68 method=com.android.dx.ssa.SsaRenamer$BlockRenamer.addMapping(ILcom/android/dx/rop/code/RegisterSpec;)V @ 120
Event: 1.324 Thread 0x0000000016edd000 Uncommon trap: reason=unstable_if action=reinterpret pc=0x000000000241a2c0 method=com.android.dx.util.IntList.binarysearch(I)I @ 105

Internal exceptions (2 events):
Event: 0.049 Thread 0x0000000001ffd800 Exception <a 'java/lang/NoSuchMethodError': Method sun.misc.Unsafe.defineClass(Ljava/lang/String;[BII)Ljava/lang/Class; name or signature does not match> (0x00000000eab0d7e0) thrown at [C:\re\workspace\8-2-build-windows-amd64-cygwin\jdk8u45\3457\hotspot\srù-
z©?
Event: 0.049 Thread 0x0000000001ffd800 Exception <a 'java/lang/NoSuchMethodError': Method sun.misc.Unsafe.prefetchRead(Ljava/lang/Object;J)V name or signature does not match> (0x00000000eab0da70) thrown at [C:\re\workspace\8-2-build-windows-amd64-cygwin\jdk8u45\3457\hotspot\src\share\vm\prims\j

Events (10 events):
Event: 1.300 Thread 0x0000000016ef6000 DEOPT UNPACKING pc=0x000000000214787f sp=0x0000000017bee760 mode 0
Event: 1.324 Thread 0x0000000016edd000 Uncommon trap: trap_request=0xffffff65 fr.pc=0x000000000241a2c0
Event: 1.324 Thread 0x0000000016edd000 DEOPT PACKING pc=0x000000000241a2c0 sp=0x0000000017aeed90
Event: 1.324 Thread 0x0000000016edd000 DEOPT UNPACKING pc=0x000000000214582a sp=0x0000000017aeed08 mode 2
Event: 1.385 Thread 0x0000000016edd000 DEOPT PACKING pc=0x00000000023c97b0 sp=0x0000000017aeecf0
Event: 1.385 Thread 0x0000000016edd000 DEOPT UNPACKING pc=0x000000000214787f sp=0x0000000017aeea00 mode 0
Event: 1.401 Thread 0x0000000016edd000 DEOPT PACKING pc=0x000000000245ac81 sp=0x0000000017aeec60
Event: 1.401 Thread 0x0000000016edd000 DEOPT UNPACKING pc=0x000000000214787f sp=0x0000000017aeea28 mode 0
Event: 1.764 Executing VM operation: ParallelGCFailedAllocation
Event: 3.060 Executing VM operation: ParallelGCFailedAllocation done


Dynamic libraries:
0x00007ff7e2390000 - 0x00007ff7e23c7000 	C:\Program Files\Java\jdk1.8.0_45\bin\java.exe
0x00007ffc099e0000 - 0x00007ffc09b8c000 	C:\WINDOWS\SYSTEM32\ntdll.dll
0x00007ffc096f0000 - 0x00007ffc0982e000 	C:\WINDOWS\system32\KERNEL32.DLL
0x00007ffc06f40000 - 0x00007ffc07055000 	C:\WINDOWS\system32\KERNELBASE.dll
0x00007ffc04c10000 - 0x00007ffc04c9e000 	C:\WINDOWS\system32\apphelp.dll
0x00007ffbf0410000 - 0x00007ffbf0463000 	C:\WINDOWS\AppPatch\AppPatch64\AcGenral.DLL
0x00007ffc08af0000 - 0x00007ffc08b9a000 	C:\WINDOWS\system32\msvcrt.dll
0x00007ffc06900000 - 0x00007ffc0692e000 	C:\WINDOWS\SYSTEM32\SspiCli.dll
0x00007ffc09210000 - 0x00007ffc09264000 	C:\WINDOWS\system32\SHLWAPI.dll
0x00007ffc09270000 - 0x00007ffc093e7000 	C:\WINDOWS\system32\USER32.dll
0x00007ffc093f0000 - 0x00007ffc09584000 	C:\WINDOWS\system32\ole32.dll
0x00007ffc070c0000 - 0x00007ffc085eb000 	C:\WINDOWS\system32\SHELL32.dll
0x00007ffc05c90000 - 0x00007ffc05cb1000 	C:\WINDOWS\SYSTEM32\USERENV.dll
0x00007ffc08a40000 - 0x00007ffc08aea000 	C:\WINDOWS\system32\ADVAPI32.dll
0x00007ffbfdcb0000 - 0x00007ffbfdcce000 	C:\WINDOWS\SYSTEM32\MPR.dll
0x00007ffc095a0000 - 0x00007ffc096e1000 	C:\WINDOWS\system32\RPCRT4.dll
0x00007ffc07060000 - 0x00007ffc070b9000 	C:\WINDOWS\SYSTEM32\sechost.dll
0x00007ffc08ff0000 - 0x00007ffc09201000 	C:\WINDOWS\SYSTEM32\combase.dll
0x00007ffc08cc0000 - 0x00007ffc08e0f000 	C:\WINDOWS\system32\GDI32.dll
0x00007ffc06b30000 - 0x00007ffc06b45000 	C:\WINDOWS\SYSTEM32\profapi.dll
0x00007ffc06140000 - 0x00007ffc061f2000 	C:\WINDOWS\SYSTEM32\SHCORE.dll
0x00007ffc08ba0000 - 0x00007ffc08bd6000 	C:\WINDOWS\system32\IMM32.DLL
0x00007ffc088e0000 - 0x00007ffc08a32000 	C:\WINDOWS\system32\MSCTF.dll
0x00007ffc06570000 - 0x00007ffc067eb000 	C:\WINDOWS\WinSxS\amd64_microsoft.windows.common-controls_6595b64144ccf1df_6.0.9600.18006_none_623f33d3ecbe86e8\COMCTL32.dll
0x00000000557e0000 - 0x00000000558b2000 	C:\Program Files\Java\jdk1.8.0_45\jre\bin\msvcr100.dll
0x0000000057cc0000 - 0x0000000058543000 	C:\Program Files\Java\jdk1.8.0_45\jre\bin\server\jvm.dll
0x00007ffbf89a0000 - 0x00007ffbf89a9000 	C:\WINDOWS\SYSTEM32\WSOCK32.dll
0x00007ffc03860000 - 0x00007ffc03882000 	C:\WINDOWS\SYSTEM32\WINMM.dll
0x00007ffc052c0000 - 0x00007ffc052ca000 	C:\WINDOWS\SYSTEM32\VERSION.dll
0x00007ffc08bf0000 - 0x00007ffc08bf7000 	C:\WINDOWS\system32\PSAPI.DLL
0x00007ffc08650000 - 0x00007ffc086aa000 	C:\WINDOWS\system32\WS2_32.dll
0x00007ffc03220000 - 0x00007ffc0324a000 	C:\WINDOWS\SYSTEM32\WINMMBASE.dll
0x00007ffc08860000 - 0x00007ffc08869000 	C:\WINDOWS\system32\NSI.dll
0x00007ffc06d10000 - 0x00007ffc06d5f000 	C:\WINDOWS\SYSTEM32\cfgmgr32.dll
0x00007ffc04e60000 - 0x00007ffc04e88000 	C:\WINDOWS\SYSTEM32\DEVOBJ.dll
0x00000000587f0000 - 0x00000000587ff000 	C:\Program Files\Java\jdk1.8.0_45\jre\bin\verify.dll
0x00000000587c0000 - 0x00000000587e9000 	C:\Program Files\Java\jdk1.8.0_45\jre\bin\java.dll
0x00000000587a0000 - 0x00000000587b6000 	C:\Program Files\Java\jdk1.8.0_45\jre\bin\zip.dll
0x00007ffc052d0000 - 0x00007ffc05459000 	C:\WINDOWS\SYSTEM32\dbghelp.dll

VM Arguments:
jvm_args: -Xmx1024M -Dfile.encoding=windows-1252 -Duser.country=NL -Duser.language=nl -Duser.variant 
java_command: com.android.dx.command.Main --dex --num-threads=4 --output C:\Users\Mitchell\Bureaublad\NavigationDrawer\app\build\intermediates\pre-dexed\debug\huelocalsdk-d7acccd8d3ec3a2d0115d3a1aed4d05d054b255f.jar C:\Users\Mitchell\Bureaublad\NavigationDrawer\app\libs\huelocalsdk.jar
java_class_path (initial): D:\AppData\Local\Android\Sdk\build-tools\23.0.1\lib\dx.jar
Launcher Type: SUN_STANDARD

Environment Variables:
PATH=C:\ProgramData\Oracle\Java\javapath;C:\WINDOWS\SYSTEM32;C:\WINDOWS;C:\WINDOWS\SYSTEM32\WBEM;C:\WINDOWS\SYSTEM32\WINDOWSPOWERSHELL\V1.0\;C:\PROGRAM FILES\MICROSOFT SQL SERVER\110\TOOLS\BINN\;C:\PROGRAM FILES (X86)\MICROSOFT ASP.NET\ASP.NET WEB PAGES\V1.0\;C:\PROGRAM FILES (X86)\WINDOWS KITS\8.1\WINDOWS PERFORMANCE TOOLKIT\;C:\Program Files\Lenovo\Bluetooth Software\;C:\Program Files\Lenovo\Bluetooth Software\syswow64;C:\Program Files (x86)\AMD\ATI.ACE\Core-Static;C:\Program Files (x86)\Microsoft SDKs\TypeScript\1.0\;C:\Program Files\Samsung\AllShare Framework DMS\1.3.23\;C:\Program Files\Samsung\AllShare Framework DMS\1.3.23\64bit\;C:\Program Files (x86)\GtkSharp\2.12\bin;C:\Program Files\Microsoft\Web Platform Installer\;C:\Program Files (x86)\Microsoft SQL Server\100\Tools\Binn\;C:\Program Files\Microsoft SQL Server\100\Tools\Binn\;C:\Program Files\Microsoft SQL Server\100\DTS\Binn\;C:\Program Files (x86)\Microsoft SQL Server\110\Tools\Binn\;C:\Program Files\Microsoft SQL Server\110\DTS\Binn\;C:\Program Files (x86)\Microsoft SQL Server\110\Tools\Binn\ManagementStudio\;C:\Program Files (x86)\Microsoft SQL Server\110\DTS\Binn\;<path-to-sdk>/platform-tools;C:\Program Files\nodejs\;C:\Users\Mitchell\AppData\Roaming\npm
USERNAME=Mitchell
OS=Windows_NT
PROCESSOR_IDENTIFIER=Intel64 Family 6 Model 60 Stepping 3, GenuineIntel



---------------  S Y S T E M  ---------------

OS: Windows 8.1 , 64 bit Build 9600 (6.3.9600.17415)

CPU:total 8 (4 cores per cpu, 2 threads per core) family 6 model 60 stepping 3, cmov, cx8, fxsr, mmx, sse, sse2, sse3, ssse3, sse4.1, sse4.2, popcnt, avx, avx2, aes, clmul, erms, lzcnt, ht, tsc, tscinvbit, bmi1, bmi2

Memory: 4k page, physical 8302956k(902260k free), swap 13422956k(5120k free)

vm_info: Java HotSpot(TM) 64-Bit Server VM (25.45-b02) for windows-amd64 JRE (1.8.0_45-b14), built on Apr 10 2015 10:34:15 by "java_re" with MS VC++ 10.0 (VS2010)

time: Mon Nov 23 20:13:24 2015
elapsed time: 3 seconds (0d 0h 0m 3s)

