#
# There is insufficient memory for the Java Runtime Environment to continue.
# Native memory allocation (malloc) failed to allocate 1002256 bytes for Chunk::new
# Possible reasons:
#   The system is out of physical RAM or swap space
#   In 32 bit mode, the process size limit was hit
# Possible solutions:
#   Reduce memory load on the system
#   Increase physical memory or swap space
#   Check if swap backing store is full
#   Use 64 bit Java on a 64 bit OS
#   Decrease Java heap size (-Xmx/-Xms)
#   Decrease number of Java threads
#   Decrease Java thread stack sizes (-Xss)
#   Set larger code cache with -XX:ReservedCodeCacheSize=
# This output file may be truncated or incomplete.
#
#  Out of Memory Error (allocation.cpp:390), pid=11992, tid=12212
#
# JRE version: Java(TM) SE Runtime Environment (8.0_45-b14) (build 1.8.0_45-b14)
# Java VM: Java HotSpot(TM) 64-Bit Server VM (25.45-b02 mixed mode windows-amd64 compressed oops)
# Failed to write core dump. Minidumps are not enabled by default on client versions of Windows
#

---------------  T H R E A D  ---------------

Current thread (0x00000000176fe000):  JavaThread "C2 CompilerThread2" daemon [_thread_in_native, id=12212, stack(0x0000000017e80000,0x0000000017f80000)]

Stack: [0x0000000017e80000,0x0000000017f80000]
Native frames: (J=compiled Java code, j=interpreted, Vv=VM code, C=native code)
V  [jvm.dll+0x32b57a]
V  [jvm.dll+0x279873]
V  [jvm.dll+0x27a509]
V  [jvm.dll+0x271825]
V  [jvm.dll+0xcb9e2]
V  [jvm.dll+0xcbeac]
V  [jvm.dll+0x49298c]
V  [jvm.dll+0x45f6ff]
V  [jvm.dll+0x46a73b]
V  [jvm.dll+0x46cd52]
V  [jvm.dll+0x4500f2]
V  [jvm.dll+0xa4352]
V  [jvm.dll+0xa4c8f]
V  [jvm.dll+0x241984]
V  [jvm.dll+0x29853a]
C  [msvcr100.dll+0x21d9f]
C  [msvcr100.dll+0x21e3b]
C  [KERNEL32.DLL+0x13d2]
C  [ntdll.dll+0x15454]


Current CompileTask:
C2:   6604 1691       4       com.android.dx.rop.code.LocalVariableExtractor::processBlock (327 bytes)


---------------  P R O C E S S  ---------------

Java Threads: ( => current thread )
  0x0000000017972000 JavaThread "pool-1-thread-4" [_thread_blocked, id=12316, stack(0x0000000018680000,0x0000000018780000)]
  0x000000001796f800 JavaThread "pool-1-thread-3" [_thread_blocked, id=2420, stack(0x0000000018580000,0x0000000018680000)]
  0x0000000017968800 JavaThread "pool-1-thread-2" [_thread_blocked, id=10108, stack(0x0000000018480000,0x0000000018580000)]
  0x0000000017967800 JavaThread "pool-2-thread-1" [_thread_blocked, id=8016, stack(0x0000000018380000,0x0000000018480000)]
  0x0000000017952000 JavaThread "pool-1-thread-1" [_thread_blocked, id=11832, stack(0x0000000018280000,0x0000000018380000)]
  0x0000000017717800 JavaThread "Service Thread" daemon [_thread_blocked, id=11708, stack(0x0000000018080000,0x0000000018180000)]
  0x0000000017709000 JavaThread "C1 CompilerThread3" daemon [_thread_blocked, id=8304, stack(0x0000000017f80000,0x0000000018080000)]
=>0x00000000176fe000 JavaThread "C2 CompilerThread2" daemon [_thread_in_native, id=12212, stack(0x0000000017e80000,0x0000000017f80000)]
  0x00000000176fb800 JavaThread "C2 CompilerThread1" daemon [_thread_blocked, id=10944, stack(0x0000000017d80000,0x0000000017e80000)]
  0x00000000176a6800 JavaThread "C2 CompilerThread0" daemon [_thread_in_native, id=12056, stack(0x0000000017c80000,0x0000000017d80000)]
  0x00000000176a5800 JavaThread "Attach Listener" daemon [_thread_blocked, id=13296, stack(0x0000000017b80000,0x0000000017c80000)]
  0x00000000176a4000 JavaThread "Signal Dispatcher" daemon [_thread_blocked, id=5608, stack(0x0000000017a80000,0x0000000017b80000)]
  0x0000000002b83800 JavaThread "Finalizer" daemon [_thread_blocked, id=12396, stack(0x0000000017580000,0x0000000017680000)]
  0x00000000156ad800 JavaThread "Reference Handler" daemon [_thread_blocked, id=3316, stack(0x0000000017480000,0x0000000017580000)]
  0x000000000292d800 JavaThread "main" [_thread_blocked, id=12588, stack(0x0000000002990000,0x0000000002a90000)]

Other Threads:
  0x00000000156a9000 VMThread [stack: 0x0000000017380000,0x0000000017480000] [id=11544]
  0x000000001771b800 WatcherThread [stack: 0x0000000018180000,0x0000000018280000] [id=3320]

VM state:not at safepoint (normal execution)

VM Mutex/Monitor currently owned by a thread: None

Heap:
 PSYoungGen      total 71680K, used 20261K [0x00000000eab00000, 0x00000000ef600000, 0x0000000100000000)
  eden space 66560K, 22% used [0x00000000eab00000,0x00000000eb9cf840,0x00000000eec00000)
  from space 5120K, 99% used [0x00000000ef100000,0x00000000ef5f9dc0,0x00000000ef600000)
  to   space 5120K, 0% used [0x00000000eec00000,0x00000000eec00000,0x00000000ef100000)
 ParOldGen       total 87552K, used 5954K [0x00000000c0000000, 0x00000000c5580000, 0x00000000eab00000)
  object space 87552K, 6% used [0x00000000c0000000,0x00000000c05d0a60,0x00000000c5580000)
 Metaspace       used 6159K, capacity 7092K, committed 7296K, reserved 1056768K
  class space    used 605K, capacity 620K, committed 640K, reserved 1048576K

Card table byte_map: [0x0000000011f50000,0x0000000012160000] byte_map_base: 0x0000000011950000

Marking Bits: (ParMarkBitMap*) 0x00000000584c4040
 Begin Bits: [0x0000000012ac0000, 0x0000000013ac0000)
 End Bits:   [0x0000000013ac0000, 0x0000000014ac0000)

Polling page: 0x0000000001070000

CodeCache: size=245760Kb used=7484Kb max_used=7502Kb free=238275Kb
 bounds [0x0000000002b90000, 0x00000000032f0000, 0x0000000011b90000]
 total_blobs=1946 nmethods=1676 adapters=182
 compilation: enabled

Compilation events (10 events):
Event: 6.442 Thread 0x0000000017709000 nmethod 1695 0x000000000329e490 code [0x000000000329e660, 0x000000000329ecf8]
Event: 6.443 Thread 0x00000000176fe000 nmethod 1689 0x000000000327b390 code [0x000000000327b560, 0x000000000327bb90]
Event: 6.443 Thread 0x00000000176fe000 1691       4       com.android.dx.rop.code.LocalVariableExtractor::processBlock (327 bytes)
Event: 6.470 Thread 0x00000000176fb800 nmethod 1690 0x00000000032e5710 code [0x00000000032e5940, 0x00000000032e6b80]
Event: 6.470 Thread 0x00000000176fb800 1696       4       com.android.dx.rop.code.RegisterSpec::intersect (169 bytes)
Event: 6.474 Thread 0x00000000176fb800 nmethod 1696 0x00000000032c3050 code [0x00000000032c31c0, 0x00000000032c36f0]
Event: 6.474 Thread 0x00000000176fb800 1692       4       com.android.dx.rop.code.BasicBlockList::preferredSuccessorOf (77 bytes)
Event: 6.478 Thread 0x00000000176fb800 nmethod 1692 0x00000000032c2490 code [0x00000000032c2600, 0x00000000032c2918]
Event: 6.478 Thread 0x00000000176fb800 1693       4       com.android.dx.dex.code.RopTranslator::outputBlock (202 bytes)
Event: 6.529 Thread 0x00000000176fb800 nmethod 1693 0x00000000032eb050 code [0x00000000032eb2a0, 0x00000000032ecde8]

GC Heap History (4 events):
Event: 2.327 GC heap before
{Heap before GC invocations=1 (full 0):
 PSYoungGen      total 38400K, used 33280K [0x00000000eab00000, 0x00000000ed580000, 0x0000000100000000)
  eden space 33280K, 100% used [0x00000000eab00000,0x00000000ecb80000,0x00000000ecb80000)
  from space 5120K, 0% used [0x00000000ed080000,0x00000000ed080000,0x00000000ed580000)
  to   space 5120K, 0% used [0x00000000ecb80000,0x00000000ecb80000,0x00000000ed080000)
 ParOldGen       total 87552K, used 0K [0x00000000c0000000, 0x00000000c5580000, 0x00000000eab00000)
  object space 87552K, 0% used [0x00000000c0000000,0x00000000c0000000,0x00000000c5580000)
 Metaspace       used 5927K, capacity 6960K, committed 7040K, reserved 1056768K
  class space    used 585K, capacity 616K, committed 640K, reserved 1048576K
Event: 3.173 GC heap after
Heap after GC invocations=1 (full 0):
 PSYoungGen      total 38400K, used 5088K [0x00000000eab00000, 0x00000000ef600000, 0x0000000100000000)
  eden space 33280K, 0% used [0x00000000eab00000,0x00000000eab00000,0x00000000ecb80000)
  from space 5120K, 99% used [0x00000000ecb80000,0x00000000ed078228,0x00000000ed080000)
  to   space 5120K, 0% used [0x00000000ef100000,0x00000000ef100000,0x00000000ef600000)
 ParOldGen       total 87552K, used 1543K [0x00000000c0000000, 0x00000000c5580000, 0x00000000eab00000)
  object space 87552K, 1% used [0x00000000c0000000,0x00000000c0181e78,0x00000000c5580000)
 Metaspace       used 5927K, capacity 6960K, committed 7040K, reserved 1056768K
  class space    used 585K, capacity 616K, committed 640K, reserved 1048576K
}
Event: 4.184 GC heap before
{Heap before GC invocations=2 (full 0):
 PSYoungGen      total 38400K, used 38368K [0x00000000eab00000, 0x00000000ef600000, 0x0000000100000000)
  eden space 33280K, 100% used [0x00000000eab00000,0x00000000ecb80000,0x00000000ecb80000)
  from space 5120K, 99% used [0x00000000ecb80000,0x00000000ed078228,0x00000000ed080000)
  to   space 5120K, 0% used [0x00000000ef100000,0x00000000ef100000,0x00000000ef600000)
 ParOldGen       total 87552K, used 1543K [0x00000000c0000000, 0x00000000c5580000, 0x00000000eab00000)
  object space 87552K, 1% used [0x00000000c0000000,0x00000000c0181e78,0x00000000c5580000)
 Metaspace       used 6096K, capacity 7088K, committed 7296K, reserved 1056768K
  class space    used 596K, capacity 616K, committed 640K, reserved 1048576K
Event: 5.205 GC heap after
Heap after GC invocations=2 (full 0):
 PSYoungGen      total 71680K, used 5095K [0x00000000eab00000, 0x00000000ef600000, 0x0000000100000000)
  eden space 66560K, 0% used [0x00000000eab00000,0x00000000eab00000,0x00000000eec00000)
  from space 5120K, 99% used [0x00000000ef100000,0x00000000ef5f9dc0,0x00000000ef600000)
  to   space 5120K, 0% used [0x00000000eec00000,0x00000000eec00000,0x00000000ef100000)
 ParOldGen       total 87552K, used 5954K [0x00000000c0000000, 0x00000000c5580000, 0x00000000eab00000)
  object space 87552K, 6% used [0x00000000c0000000,0x00000000c05d0a60,0x00000000c5580000)
 Metaspace       used 6096K, capacity 7088K, committed 7296K, reserved 1056768K
  class space    used 596K, capacity 616K, committed 640K, reserved 1048576K
}

Deoptimization events (10 events):
Event: 3.857 Thread 0x0000000017972000 Uncommon trap: reason=unstable_if action=reinterpret pc=0x0000000002e251d8 method=java.util.HashMap.getNode(ILjava/lang/Object;)Ljava/util/HashMap$Node; @ 84
Event: 3.970 Thread 0x0000000017972000 Uncommon trap: reason=unstable_if action=reinterpret pc=0x00000000031adf30 method=com.android.dx.rop.code.RegisterSpec.equals(ILcom/android/dx/rop/type/TypeBearer;Lcom/android/dx/rop/code/LocalItem;)Z @ 42
Event: 3.970 Thread 0x0000000017972000 Uncommon trap: reason=unstable_if action=reinterpret pc=0x0000000002e3f274 method=com.android.dx.rop.code.RegisterSpec.equals(ILcom/android/dx/rop/type/TypeBearer;Lcom/android/dx/rop/code/LocalItem;)Z @ 42
Event: 5.440 Thread 0x000000000292d800 Uncommon trap: reason=unstable_if action=reinterpret pc=0x0000000003214704 method=com.android.dx.util.BitIntSet.has(I)Z @ 8
Event: 5.619 Thread 0x000000000292d800 Uncommon trap: reason=unstable_if action=reinterpret pc=0x0000000002e88c2c method=java.util.HashMap.putVal(ILjava/lang/Object;Ljava/lang/Object;ZZ)Ljava/lang/Object; @ 162
Event: 6.104 Thread 0x000000000292d800 Uncommon trap: reason=unstable_if action=reinterpret pc=0x00000000030dc460 method=com.android.dx.ssa.SCCP.simulateBranch(Lcom/android/dx/ssa/SsaInsn;)V @ 64
Event: 6.108 Thread 0x000000000292d800 Uncommon trap: reason=unstable_if action=reinterpret pc=0x000000000317bea0 method=com.android.dx.ssa.LiteralOpUpgrader$1.visitNonMoveInsn(Lcom/android/dx/ssa/NormalSsaInsn;)V @ 55
Event: 6.109 Thread 0x000000000292d800 Uncommon trap: reason=unstable_if action=reinterpret pc=0x0000000002ee879c method=com.android.dx.ssa.SsaMethod.updateOneDefinition(Lcom/android/dx/ssa/SsaInsn;Lcom/android/dx/rop/code/RegisterSpec;)V @ 4
Event: 6.133 Thread 0x000000000292d800 Uncommon trap: reason=bimorphic action=maybe_recompile pc=0x000000000328c524 method=com.android.dx.cf.code.BytecodeArray.parseInstruction(ILcom/android/dx/cf/code/BytecodeArray$Visitor;)I @ 1287
Event: 6.133 Thread 0x000000000292d800 Uncommon trap: reason=bimorphic action=maybe_recompile pc=0x000000000328c524 method=com.android.dx.cf.code.BytecodeArray.parseInstruction(ILcom/android/dx/cf/code/BytecodeArray$Visitor;)I @ 1287

Internal exceptions (6 events):
Event: 0.038 Thread 0x000000000292d800 Exception <a 'java/lang/NoSuchMethodError': Method sun.misc.Unsafe.defineClass(Ljava/lang/String;[BII)Ljava/lang/Class; name or signature does not match> (0x00000000eab0d860) thrown at [C:\re\workspace\8-2-build-windows-amd64-cygwin\jdk8u45\3457\hotspot\srPØ»¿‰z£?
Event: 0.038 Thread 0x000000000292d800 Exception <a 'java/lang/NoSuchMethodError': Method sun.misc.Unsafe.prefetchRead(Ljava/lang/Object;J)V name or signature does not match> (0x00000000eab0daf0) thrown at [C:\re\workspace\8-2-build-windows-amd64-cygwin\jdk8u45\3457\hotspot\src\share\vm\prims\jœ˘£Q±≤
Event: 2.087 Thread 0x0000000017952000 Implicit null exception at 0x0000000002f78c22 to 0x0000000002f78d15
Event: 3.857 Thread 0x0000000017972000 Exception <a 'java/lang/ArrayIndexOutOfBoundsException': 18> (0x00000000ebd9b1a0) thrown at [C:\re\workspace\8-2-build-windows-amd64-cygwin\jdk8u45\3457\hotspot\src\share\vm\interpreter\interpreterRuntime.cpp, line 366]
Event: 5.620 Thread 0x000000000292d800 Exception <a 'java/lang/ArrayIndexOutOfBoundsException': 145> (0x00000000eb372588) thrown at [C:\re\workspace\8-2-build-windows-amd64-cygwin\jdk8u45\3457\hotspot\src\share\vm\interpreter\interpreterRuntime.cpp, line 366]
Event: 5.620 Thread 0x000000000292d800 Exception <a 'java/lang/ArrayIndexOutOfBoundsException'> (0x00000000eb3737c0) thrown at [C:\re\workspace\8-2-build-windows-amd64-cygwin\jdk8u45\3457\hotspot\src\share\vm\runtime\sharedRuntime.cpp, line 605]

Events (10 events):
Event: 6.108 loading class com/android/dx/rop/code/RegOps done
Event: 6.109 Thread 0x000000000292d800 Uncommon trap: trap_request=0xffffff65 fr.pc=0x0000000002ee879c
Event: 6.109 Thread 0x000000000292d800 DEOPT PACKING pc=0x0000000002ee879c sp=0x0000000002a8e100
Event: 6.109 Thread 0x000000000292d800 DEOPT UNPACKING pc=0x0000000002bd582a sp=0x0000000002a8e0a8 mode 2
Event: 6.133 Thread 0x000000000292d800 Uncommon trap: trap_request=0xffffffc6 fr.pc=0x000000000328c524
Event: 6.133 Thread 0x000000000292d800 DEOPT PACKING pc=0x000000000328c524 sp=0x0000000002a8e160
Event: 6.133 Thread 0x000000000292d800 DEOPT UNPACKING pc=0x0000000002bd582a sp=0x0000000002a8e128 mode 2
Event: 6.133 Thread 0x000000000292d800 Uncommon trap: trap_request=0xffffffc6 fr.pc=0x000000000328c524
Event: 6.133 Thread 0x000000000292d800 DEOPT PACKING pc=0x000000000328c524 sp=0x0000000002a8df20
Event: 6.133 Thread 0x000000000292d800 DEOPT UNPACKING pc=0x0000000002bd582a sp=0x0000000002a8dee8 mode 2


Dynamic libraries:
0x00007ff7e2390000 - 0x00007ff7e23c7000 	C:\Program Files\Java\jdk1.8.0_45\bin\java.exe
0x00007ffc099e0000 - 0x00007ffc09b8c000 	C:\WINDOWS\SYSTEM32\ntdll.dll
0x00007ffc096f0000 - 0x00007ffc0982e000 	C:\WINDOWS\system32\KERNEL32.DLL
0x00007ffc06f40000 - 0x00007ffc07055000 	C:\WINDOWS\system32\KERNELBASE.dll
0x00007ffc04c10000 - 0x00007ffc04c9e000 	C:\WINDOWS\system32\apphelp.dll
0x00007ffbf0410000 - 0x00007ffbf0463000 	C:\WINDOWS\AppPatch\AppPatch64\AcGenral.DLL
0x00007ffc08af0000 - 0x00007ffc08b9a000 	C:\WINDOWS\system32\msvcrt.dll
0x00007ffc06900000 - 0x00007ffc0692e000 	C:\WINDOWS\SYSTEM32\SspiCli.dll
0x00007ffc09210000 - 0x00007ffc09264000 	C:\WINDOWS\system32\SHLWAPI.dll
0x00007ffc09270000 - 0x00007ffc093e7000 	C:\WINDOWS\system32\USER32.dll
0x00007ffc093f0000 - 0x00007ffc09584000 	C:\WINDOWS\system32\ole32.dll
0x00007ffc070c0000 - 0x00007ffc085eb000 	C:\WINDOWS\system32\SHELL32.dll
0x00007ffc05c90000 - 0x00007ffc05cb1000 	C:\WINDOWS\SYSTEM32\USERENV.dll
0x00007ffc08a40000 - 0x00007ffc08aea000 	C:\WINDOWS\system32\ADVAPI32.dll
0x00007ffbfdcb0000 - 0x00007ffbfdcce000 	C:\WINDOWS\SYSTEM32\MPR.dll
0x00007ffc095a0000 - 0x00007ffc096e1000 	C:\WINDOWS\system32\RPCRT4.dll
0x00007ffc07060000 - 0x00007ffc070b9000 	C:\WINDOWS\SYSTEM32\sechost.dll
0x00007ffc08ff0000 - 0x00007ffc09201000 	C:\WINDOWS\SYSTEM32\combase.dll
0x00007ffc08cc0000 - 0x00007ffc08e0f000 	C:\WINDOWS\system32\GDI32.dll
0x00007ffc06b30000 - 0x00007ffc06b45000 	C:\WINDOWS\SYSTEM32\profapi.dll
0x00007ffc06140000 - 0x00007ffc061f2000 	C:\WINDOWS\SYSTEM32\SHCORE.dll
0x00007ffc08ba0000 - 0x00007ffc08bd6000 	C:\WINDOWS\system32\IMM32.DLL
0x00007ffc088e0000 - 0x00007ffc08a32000 	C:\WINDOWS\system32\MSCTF.dll
0x00007ffc06570000 - 0x00007ffc067eb000 	C:\WINDOWS\WinSxS\amd64_microsoft.windows.common-controls_6595b64144ccf1df_6.0.9600.18006_none_623f33d3ecbe86e8\COMCTL32.dll
0x00000000557e0000 - 0x00000000558b2000 	C:\Program Files\Java\jdk1.8.0_45\jre\bin\msvcr100.dll
0x0000000057cc0000 - 0x0000000058543000 	C:\Program Files\Java\jdk1.8.0_45\jre\bin\server\jvm.dll
0x00007ffbf89a0000 - 0x00007ffbf89a9000 	C:\WINDOWS\SYSTEM32\WSOCK32.dll
0x00007ffc03860000 - 0x00007ffc03882000 	C:\WINDOWS\SYSTEM32\WINMM.dll
0x00007ffc052c0000 - 0x00007ffc052ca000 	C:\WINDOWS\SYSTEM32\VERSION.dll
0x00007ffc08bf0000 - 0x00007ffc08bf7000 	C:\WINDOWS\system32\PSAPI.DLL
0x00007ffc08650000 - 0x00007ffc086aa000 	C:\WINDOWS\system32\WS2_32.dll
0x00007ffc03220000 - 0x00007ffc0324a000 	C:\WINDOWS\SYSTEM32\WINMMBASE.dll
0x00007ffc08860000 - 0x00007ffc08869000 	C:\WINDOWS\system32\NSI.dll
0x00007ffc06d10000 - 0x00007ffc06d5f000 	C:\WINDOWS\SYSTEM32\cfgmgr32.dll
0x00007ffc04e60000 - 0x00007ffc04e88000 	C:\WINDOWS\SYSTEM32\DEVOBJ.dll
0x00000000587f0000 - 0x00000000587ff000 	C:\Program Files\Java\jdk1.8.0_45\jre\bin\verify.dll
0x00000000587c0000 - 0x00000000587e9000 	C:\Program Files\Java\jdk1.8.0_45\jre\bin\java.dll
0x00000000587a0000 - 0x00000000587b6000 	C:\Program Files\Java\jdk1.8.0_45\jre\bin\zip.dll
0x00007ffc052d0000 - 0x00007ffc05459000 	C:\WINDOWS\SYSTEM32\dbghelp.dll

VM Arguments:
jvm_args: -Xmx1024M -Dfile.encoding=windows-1252 -Duser.country=NL -Duser.language=nl -Duser.variant 
java_command: com.android.dx.command.Main --dex --num-threads=4 --output C:\Users\Mitchell\Bureaublad\NavigationDrawer\app\build\intermediates\pre-dexed\debug\classes-6b28745a0b128144e6c2fbfd13001bf1b5785846.jar C:\Users\Mitchell\Bureaublad\NavigationDrawer\app\build\intermediates\exploded-aar\com.android.support\support-v4\23.1.0\jars\classes.jar
java_class_path (initial): D:\AppData\Local\Android\Sdk\build-tools\23.0.1\lib\dx.jar
Launcher Type: SUN_STANDARD

Environment Variables:
PATH=C:\ProgramData\Oracle\Java\javapath;C:\WINDOWS\SYSTEM32;C:\WINDOWS;C:\WINDOWS\SYSTEM32\WBEM;C:\WINDOWS\SYSTEM32\WINDOWSPOWERSHELL\V1.0\;C:\PROGRAM FILES\MICROSOFT SQL SERVER\110\TOOLS\BINN\;C:\PROGRAM FILES (X86)\MICROSOFT ASP.NET\ASP.NET WEB PAGES\V1.0\;C:\PROGRAM FILES (X86)\WINDOWS KITS\8.1\WINDOWS PERFORMANCE TOOLKIT\;C:\Program Files\Lenovo\Bluetooth Software\;C:\Program Files\Lenovo\Bluetooth Software\syswow64;C:\Program Files (x86)\AMD\ATI.ACE\Core-Static;C:\Program Files (x86)\Microsoft SDKs\TypeScript\1.0\;C:\Program Files\Samsung\AllShare Framework DMS\1.3.23\;C:\Program Files\Samsung\AllShare Framework DMS\1.3.23\64bit\;C:\Program Files (x86)\GtkSharp\2.12\bin;C:\Program Files\Microsoft\Web Platform Installer\;C:\Program Files (x86)\Microsoft SQL Server\100\Tools\Binn\;C:\Program Files\Microsoft SQL Server\100\Tools\Binn\;C:\Program Files\Microsoft SQL Server\100\DTS\Binn\;C:\Program Files (x86)\Microsoft SQL Server\110\Tools\Binn\;C:\Program Files\Microsoft SQL Server\110\DTS\Binn\;C:\Program Files (x86)\Microsoft SQL Server\110\Tools\Binn\ManagementStudio\;C:\Program Files (x86)\Microsoft SQL Server\110\DTS\Binn\;<path-to-sdk>/platform-tools;C:\Program Files\nodejs\;C:\Users\Mitchell\AppData\Roaming\npm
USERNAME=Mitchell
OS=Windows_NT
PROCESSOR_IDENTIFIER=Intel64 Family 6 Model 60 Stepping 3, GenuineIntel



---------------  S Y S T E M  ---------------

OS: Windows 8.1 , 64 bit Build 9600 (6.3.9600.17415)

CPU:total 8 (4 cores per cpu, 2 threads per core) family 6 model 60 stepping 3, cmov, cx8, fxsr, mmx, sse, sse2, sse3, ssse3, sse4.1, sse4.2, popcnt, avx, avx2, aes, clmul, erms, lzcnt, ht, tsc, tscinvbit, bmi1, bmi2

Memory: 4k page, physical 8302956k(671292k free), swap 13422956k(7976k free)

vm_info: Java HotSpot(TM) 64-Bit Server VM (25.45-b02) for windows-amd64 JRE (1.8.0_45-b14), built on Apr 10 2015 10:34:15 by "java_re" with MS VC++ 10.0 (VS2010)

time: Mon Nov 23 20:13:53 2015
elapsed time: 6 seconds (0d 0h 0m 6s)

